[0A62] ComputerName:APTOFFICE UserID:A0006 Beth Garwick Station 12A  LanId: | (12/21 10:05:02) | Client is disconnected from agent.
[0A62] ComputerName:APTOFFICE UserID:A0006 Beth Garwick Station 12A  LanId: | (12/21 10:05:05 - 12/21 10:05:36) | Drop count limit (5) exceeded while pinging www.google.com [www.google.com] 5 times
[0A62] ComputerName:APTOFFICE UserID:A0006 Beth Garwick Station 12A  LanId: | (12/21 10:05:41) | Drop count limit (5) exceeded while pinging www.google.com [74.125.157.147]
[0A62] ComputerName:APTOFFICE UserID:A0006 Beth Garwick Station 12A  LanId: | (12/21 10:05:42) | Client is connected to agent.
[0A62] ComputerName:APTOFFICE UserID:A0006 Beth Garwick Station 12A  LanId: | (12/21 10:05:46 - 12/21 10:05:56) | Drop count limit (5) exceeded while pinging www.google.com [74.125.157.147] 3x

[0BBB] ComputerName:PELHAMLAPTOP UserID:A0011 Laura Longard Station 9  LanId: | (12/21 12:30:49) | Client is disconnected from agent.
[0BBB] ComputerName:PELHAMLAPTOP UserID:A0011 Laura Longard Station 9  LanId: | (12/21 12:30:54) | Client is connected to agent.

[10C5] ComputerName:PELHAMLAPTOP UserID:A0011 Laura Longard Station 9  LanId: | (12/21 12:42:51) | Client is disconnected from agent.
[10C5] ComputerName:PELHAMLAPTOP UserID:A0011 Laura Longard Station 9B  LanId: | (12/21 12:42:56) | Client is connected to agent.

[142F] ComputerName:BETHGARWICK UserID:A0006 Beth Garwick Station 7  LanId: | (12/21 16:26:16) | Client is disconnected from agent.
[142F] ComputerName:BETHGARWICK UserID:A0006 Beth Garwick Station 7 (locked) LanId: | (12/21 16:26:21) | Client is connected to agent.

[17EF] ComputerName:LAPTOP2 UserID:DP Dale Patterson Station 3  LanId: | (12/21 20:43:19) | Client is disconnected from agent.
[17EF] ComputerName:LAPTOP2 UserID:DP Dale Patterson Station 3  LanId: | (12/21 20:43:29) | Client is connected to agent.

[17EF] ComputerName:LAPTOP2 UserID:DP Dale Patterson Station 3  LanId: | (12/21 20:44:09) | Drop count limit (5) exceeded while pinging www.google.com [www.google.com]

[17F5] ComputerName:LAPTOP2 UserID:DP Dale Patterson Station 3  LanId: | (12/21 20:48:20) | Drop count limit (5) exceeded while pinging www.google.com [www.google.com]
[17F5] ComputerName:LAPTOP2 UserID:DP Dale Patterson Station 3  LanId: | (12/21 20:48:26) | Drop count limit (5) exceeded while pinging www.google.com [74.125.65.99]
[17F5] ComputerName:LAPTOP2 UserID:DP Dale Patterson Station 3  LanId: | (12/21 20:48:47) | Drop count limit (5) exceeded while pinging www.google.com [www.google.com]

[17F5] ComputerName:LAPTOP2 UserID:DP Dale Patterson Station 3  LanId: | (12/21 20:52:21) | Client is disconnected from agent.
[17F5] ComputerName:LAPTOP2 UserID:DP Dale Patterson Station 3  LanId: | (12/21 20:54:51) | Drop count limit (5) exceeded while pinging www.google.com [www.google.com]

[1830] ComputerName:LAPTOP2 UserID:DP Dale Patterson Station 5  LanId: | (12/21 21:12:49) | Client is disconnected from agent.
[1830] ComputerName:LAPTOP2 UserID:DP Dale Patterson Station 5  LanId: | (12/21 21:12:54) | Client is connected to agent.
[1830] ComputerName:LAPTOP2 UserID:DP Dale Patterson Station 5  LanId: | (12/21 21:13:15) | Client is disconnected from agent.

