[26EE] ComputerName:PELHAMLAPTOP UserID:A0011 Laura Longard Station 10  LanId: | (11/30 12:41:43) | Client is disconnected from agent.
[26EE] ComputerName:PELHAMLAPTOP UserID:A0011 Laura Longard Station 10B  LanId: | (11/30 12:41:48) | Client is connected to agent.

[314D] ComputerName:PELHAMLAPTOP UserID:A0011 Laura Longard Station 10B  LanId: | (11/30 13:26:26) | Client is disconnected from agent.
[314D] ComputerName:PELHAMLAPTOP UserID:A0011 Laura Longard Station 10B  LanId: | (11/30 13:26:36) | Client is connected to agent.

[2822] ComputerName:APTOFFICE UserID:DP Dale Patterson Station 3A  LanId: | (11/30 13:50:43) | Client is disconnected from agent.
[2822] ComputerName:APTOFFICE UserID:DP Dale Patterson Station 3A  LanId: | (11/30 13:50:57 - 11/30 13:55:19) | Drop count limit (5) exceeded while pinging www.google.com [www.google.com] 34 times
[2822] ComputerName:APTOFFICE UserID:DP Dale Patterson Station 3C (locked) LanId: | (11/30 13:55:24) | Client is connected to agent.
[2822] ComputerName:APTOFFICE UserID:DP Dale Patterson Station 3C (locked) LanId: | (11/30 13:55:24 - 11/30 13:55:39) | Drop count limit (5) exceeded while pinging www.google.com [74.125.157.104] 4x

[3396] ComputerName:APTOFFICE UserID:DP Dale Patterson Station 3C (locked) LanId: | (11/30 14:08:17) | Client is disconnected from agent.
[3396] ComputerName:APTOFFICE UserID:DP Dale Patterson Station 3C (locked) LanId: | (11/30 14:08:30 - 11/30 14:11:10) | Drop count limit (5) exceeded while pinging www.google.com [www.google.com] 21 times
[3396] ComputerName:APTOFFICE UserID:DP Dale Patterson Station 3C (locked) LanId: | (11/30 14:11:15 - 11/30 14:11:30) | Drop count limit (5) exceeded while pinging www.google.com [74.125.47.99] 4 times
[3396] ComputerName:APTOFFICE UserID:DP Dale Patterson Station 3C (locked) LanId: | (11/30 14:11:33) | Client is connected to agent.

[3415] ComputerName:APTOFFICE UserID:DP Dale Patterson Station 3C  LanId: | (11/30 14:18:27) | Client is disconnected from agent.
[3415] ComputerName:APTOFFICE UserID:DP Dale Patterson Station 3C  LanId: | (11/30 14:18:33 - 11/30 14:25:55) | Drop count limit (5) exceeded while pinging www.google.com [www.google.com] 57 times
[3415] ComputerName:APTOFFICE UserID:DP Dale Patterson Station 3C (locked) LanId: | (11/30 14:26:00) | Client is connected to agent.
[3415] ComputerName:APTOFFICE UserID:DP Dale Patterson Station 3C (locked) LanId: | (11/30 14:26:00 - 11/30 14:26:15) | Drop count limit (5) exceeded while pinging www.google.com [74.125.47.105] 4x

[27A8] ComputerName:FRONTOFFICE UserID:YB Yenae Ball Station 7  LanId: | (11/30 08:20:24) | Client is disconnected from agent.
[27A8] ComputerName:FRONTOFFICE UserID:YB Yenae Ball Station 7  LanId: | (11/30 08:21:12 - 11/30 08:30:05) | Drop count limit (5) exceeded while pinging www.google.com [www.google.com] 25 times
[27A8] ComputerName:FRONTOFFICE UserID:YB Yenae Ball Station 7  LanId: | (11/30 08:30:10 - 11/30 08:30:26) | Drop count limit (5) exceeded while pinging www.google.com [192.168.1.254] 4x

[27A8] ComputerName:FRONTOFFICE UserID:YB Yenae Ball Station 7  LanId: | (11/30 09:06:39 - 11/30 09:06:44) | Drop count limit (5) exceeded while pinging service [asp.raintreeinc.com] 2 times
[27A8] ComputerName:FRONTOFFICE UserID:YB Yenae Ball Station 7  LanId: | (11/30 09:06:44) | Drop count limit (5) exceeded while pinging www.google.com [www.google.com]
[27A8] ComputerName:FRONTOFFICE UserID:YB Yenae Ball Station 7  LanId: | (11/30 09:06:49) | Drop count limit (5) exceeded while pinging service [asp.raintreeinc.com]
[27A8] ComputerName:FRONTOFFICE UserID:YB Yenae Ball Station 7  LanId: | (11/30 09:06:49) | Drop count limit (5) exceeded while pinging www.google.com [www.google.com]
[27A8] ComputerName:FRONTOFFICE UserID:YB Yenae Ball Station 7  LanId: | (11/30 09:06:54) | Drop count limit (5) exceeded while pinging service [asp.raintreeinc.com]
[27A8] ComputerName:FRONTOFFICE UserID:YB Yenae Ball Station 7  LanId: | (11/30 09:06:54) | Drop count limit (5) exceeded while pinging www.google.com [www.google.com]
[27A8] ComputerName:FRONTOFFICE UserID:YB Yenae Ball Station 7  LanId: | (11/30 09:06:59) | Drop count limit (5) exceeded while pinging service [asp.raintreeinc.com]
[27A8] ComputerName:FRONTOFFICE UserID:YB Yenae Ball Station 7  LanId: | (11/30 09:06:59) | Drop count limit (5) exceeded while pinging www.google.com [www.google.com]
[27A8] ComputerName:FRONTOFFICE UserID:YB Yenae Ball Station 7  LanId: | (11/30 09:07:04) | Drop count limit (5) exceeded while pinging service [asp.raintreeinc.com]
[27A8] ComputerName:FRONTOFFICE UserID:YB Yenae Ball Station 7  LanId: | (11/30 09:07:04) | Drop count limit (5) exceeded while pinging www.google.com [www.google.com]
[27A8] ComputerName:FRONTOFFICE UserID:YB Yenae Ball Station 7  LanId: | (11/30 09:07:09) | Drop count limit (5) exceeded while pinging service [asp.raintreeinc.com]
[27A8] ComputerName:FRONTOFFICE UserID:YB Yenae Ball Station 7  LanId: | (11/30 09:07:09) | Drop count limit (5) exceeded while pinging www.google.com [www.google.com]
[27A8] ComputerName:FRONTOFFICE UserID:YB Yenae Ball Station 7  LanId: | (11/30 09:07:14) | Drop count limit (5) exceeded while pinging service [asp.raintreeinc.com]
[27A8] ComputerName:FRONTOFFICE UserID:YB Yenae Ball Station 7  LanId: | (11/30 09:07:14) | Drop count limit (5) exceeded while pinging www.google.com [www.google.com]
[27A8] ComputerName:FRONTOFFICE UserID:YB Yenae Ball Station 7  LanId: | (11/30 09:07:19) | Drop count limit (5) exceeded while pinging service [asp.raintreeinc.com]
[27A8] ComputerName:FRONTOFFICE UserID:YB Yenae Ball Station 7  LanId: | (11/30 09:07:19) | Drop count limit (5) exceeded while pinging www.google.com [www.google.com]
[27A8] ComputerName:FRONTOFFICE UserID:YB Yenae Ball Station 7  LanId: | (11/30 09:07:24) | Drop count limit (5) exceeded while pinging service [asp.raintreeinc.com]
[27A8] ComputerName:FRONTOFFICE UserID:YB Yenae Ball Station 7  LanId: | (11/30 09:07:24) | Drop count limit (5) exceeded while pinging www.google.com [www.google.com]
[27A8] ComputerName:FRONTOFFICE UserID:YB Yenae Ball Station 7  LanId: | (11/30 09:07:29) | Drop count limit (5) exceeded while pinging service [asp.raintreeinc.com]
[27A8] ComputerName:FRONTOFFICE UserID:YB Yenae Ball Station 7  LanId: | (11/30 09:07:29) | Drop count limit (5) exceeded while pinging www.google.com [www.google.com]
[27A8] ComputerName:FRONTOFFICE UserID:YB Yenae Ball Station 7  LanId: | (11/30 09:07:34) | Drop count limit (5) exceeded while pinging service [asp.raintreeinc.com]
[27A8] ComputerName:FRONTOFFICE UserID:YB Yenae Ball Station 7  LanId: | (11/30 09:07:34) | Drop count limit (5) exceeded while pinging www.google.com [www.google.com]
[27A8] ComputerName:FRONTOFFICE UserID:YB Yenae Ball Station 7  LanId: | (11/30 09:07:39) | Drop count limit (5) exceeded while pinging service [asp.raintreeinc.com]
[27A8] ComputerName:FRONTOFFICE UserID:YB Yenae Ball Station 7  LanId: | (11/30 09:07:39) | Drop count limit (5) exceeded while pinging www.google.com [www.google.com]
[27A8] ComputerName:FRONTOFFICE UserID:YB Yenae Ball Station 7  LanId: | (11/30 09:07:44) | Drop count limit (5) exceeded while pinging service [asp.raintreeinc.com]
[27A8] ComputerName:FRONTOFFICE UserID:YB Yenae Ball Station 7  LanId: | (11/30 09:07:44) | Drop count limit (5) exceeded while pinging www.google.com [www.google.com]
[27A8] ComputerName:FRONTOFFICE UserID:YB Yenae Ball Station 7  LanId: | (11/30 09:07:49) | Drop count limit (5) exceeded while pinging service [asp.raintreeinc.com]
[27A8] ComputerName:FRONTOFFICE UserID:YB Yenae Ball Station 7  LanId: | (11/30 09:07:49) | Drop count limit (5) exceeded while pinging www.google.com [www.google.com]
[27A8] ComputerName:FRONTOFFICE UserID:YB Yenae Ball Station 7  LanId: | (11/30 09:07:54) | Drop count limit (5) exceeded while pinging service [asp.raintreeinc.com]
[27A8] ComputerName:FRONTOFFICE UserID:YB Yenae Ball Station 7  LanId: | (11/30 09:07:54) | Drop count limit (5) exceeded while pinging www.google.com [www.google.com]
[27A8] ComputerName:FRONTOFFICE UserID:YB Yenae Ball Station 7  LanId: | (11/30 09:07:59) | Drop count limit (5) exceeded while pinging service [asp.raintreeinc.com]
[27A8] ComputerName:FRONTOFFICE UserID:YB Yenae Ball Station 7  LanId: | (11/30 09:07:59) | Drop count limit (5) exceeded while pinging www.google.com [www.google.com]
[27A8] ComputerName:FRONTOFFICE UserID:YB Yenae Ball Station 7  LanId: | (11/30 09:08:04) | Drop count limit (5) exceeded while pinging service [asp.raintreeinc.com]
[27A8] ComputerName:FRONTOFFICE UserID:YB Yenae Ball Station 7  LanId: | (11/30 09:08:04) | Drop count limit (5) exceeded while pinging www.google.com [www.google.com]
[27A8] ComputerName:FRONTOFFICE UserID:YB Yenae Ball Station 7  LanId: | (11/30 09:08:09) | Drop count limit (5) exceeded while pinging service [asp.raintreeinc.com]
[27A8] ComputerName:FRONTOFFICE UserID:YB Yenae Ball Station 7  LanId: | (11/30 09:08:09) | Drop count limit (5) exceeded while pinging www.google.com [www.google.com]
[27A8] ComputerName:FRONTOFFICE UserID:YB Yenae Ball Station 7  LanId: | (11/30 09:08:14) | Drop count limit (5) exceeded while pinging service [asp.raintreeinc.com]
[27A8] ComputerName:FRONTOFFICE UserID:YB Yenae Ball Station 7  LanId: | (11/30 09:08:14) | Drop count limit (5) exceeded while pinging www.google.com [www.google.com]
[27A8] ComputerName:FRONTOFFICE UserID:YB Yenae Ball Station 7  LanId: | (11/30 09:08:19) | Drop count limit (5) exceeded while pinging service [asp.raintreeinc.com]
[27A8] ComputerName:FRONTOFFICE UserID:YB Yenae Ball Station 7  LanId: | (11/30 09:08:19) | Drop count limit (5) exceeded while pinging www.google.com [www.google.com]
[27A8] ComputerName:FRONTOFFICE UserID:YB Yenae Ball Station 7  LanId: | (11/30 09:08:24) | Drop count limit (5) exceeded while pinging service [asp.raintreeinc.com]
[27A8] ComputerName:FRONTOFFICE UserID:YB Yenae Ball Station 7  LanId: | (11/30 09:08:24) | Drop count limit (5) exceeded while pinging www.google.com [www.google.com]
[27A8] ComputerName:FRONTOFFICE UserID:YB Yenae Ball Station 7  LanId: | (11/30 09:08:29) | Drop count limit (5) exceeded while pinging service [asp.raintreeinc.com]
[27A8] ComputerName:FRONTOFFICE UserID:YB Yenae Ball Station 7  LanId: | (11/30 09:08:29) | Drop count limit (5) exceeded while pinging www.google.com [www.google.com]
[27A8] ComputerName:FRONTOFFICE UserID:YB Yenae Ball Station 7  LanId: | (11/30 09:08:34) | Drop count limit (5) exceeded while pinging service [asp.raintreeinc.com]
[27A8] ComputerName:FRONTOFFICE UserID:YB Yenae Ball Station 7  LanId: | (11/30 09:08:35) | Drop count limit (5) exceeded while pinging www.google.com [www.google.com]
[27A8] ComputerName:FRONTOFFICE UserID:YB Yenae Ball Station 7  LanId: | (11/30 09:08:40) | Drop count limit (5) exceeded while pinging service [asp.raintreeinc.com]
[27A8] ComputerName:FRONTOFFICE UserID:YB Yenae Ball Station 7  LanId: | (11/30 09:08:40) | Drop count limit (5) exceeded while pinging www.google.com [www.google.com]
[27A8] ComputerName:FRONTOFFICE UserID:YB Yenae Ball Station 7  LanId: | (11/30 09:08:45) | Drop count limit (5) exceeded while pinging service [asp.raintreeinc.com]
[27A8] ComputerName:FRONTOFFICE UserID:YB Yenae Ball Station 7  LanId: | (11/30 09:08:45) | Drop count limit (5) exceeded while pinging www.google.com [www.google.com]
[27A8] ComputerName:FRONTOFFICE UserID:YB Yenae Ball Station 7  LanId: | (11/30 09:08:50) | Drop count limit (5) exceeded while pinging service [asp.raintreeinc.com]
[27A8] ComputerName:FRONTOFFICE UserID:YB Yenae Ball Station 7  LanId: | (11/30 09:08:50) | Drop count limit (5) exceeded while pinging www.google.com [www.google.com]
[27A8] ComputerName:FRONTOFFICE UserID:YB Yenae Ball Station 7  LanId: | (11/30 09:08:55) | Drop count limit (5) exceeded while pinging service [asp.raintreeinc.com]
[27A8] ComputerName:FRONTOFFICE UserID:YB Yenae Ball Station 7  LanId: | (11/30 09:08:55) | Drop count limit (5) exceeded while pinging www.google.com [www.google.com]
[27A8] ComputerName:FRONTOFFICE UserID:YB Yenae Ball Station 7  LanId: | (11/30 09:09:00) | Drop count limit (5) exceeded while pinging service [asp.raintreeinc.com]
[27A8] ComputerName:FRONTOFFICE UserID:YB Yenae Ball Station 7  LanId: | (11/30 09:09:00) | Drop count limit (5) exceeded while pinging www.google.com [www.google.com]
[27A8] ComputerName:FRONTOFFICE UserID:YB Yenae Ball Station 7  LanId: | (11/30 09:09:05) | Drop count limit (5) exceeded while pinging service [192.168.1.254]
[27A8] ComputerName:FRONTOFFICE UserID:YB Yenae Ball Station 7  LanId: | (11/30 09:09:05) | Drop count limit (5) exceeded while pinging www.google.com [192.168.1.254]
[27A8] ComputerName:FRONTOFFICE UserID:YB Yenae Ball Station 7  LanId: | (11/30 09:09:10) | Drop count limit (5) exceeded while pinging service [192.168.1.254]
[27A8] ComputerName:FRONTOFFICE UserID:YB Yenae Ball Station 7  LanId: | (11/30 09:09:10) | Drop count limit (5) exceeded while pinging www.google.com [192.168.1.254]
[27A8] ComputerName:FRONTOFFICE UserID:YB Yenae Ball Station 7  LanId: | (11/30 09:09:15) | Drop count limit (5) exceeded while pinging service [192.168.1.254]
[27A8] ComputerName:FRONTOFFICE UserID:YB Yenae Ball Station 7  LanId: | (11/30 09:09:15) | Drop count limit (5) exceeded while pinging www.google.com [192.168.1.254]
[27A8] ComputerName:FRONTOFFICE UserID:YB Yenae Ball Station 7  LanId: | (11/30 09:09:20) | Drop count limit (5) exceeded while pinging service [192.168.1.254]
[27A8] ComputerName:FRONTOFFICE UserID:YB Yenae Ball Station 7  LanId: | (11/30 09:09:20) | Drop count limit (5) exceeded while pinging www.google.com [192.168.1.254]

[27A8] ComputerName:FRONTOFFICE UserID:YB Yenae Ball Station 7  LanId: | (11/30 12:02:57 - 11/30 12:59:57) | Drop count limit (5) exceeded while pinging service [asp.raintreeinc.com] 541x

[27A8] ComputerName:FRONTOFFICE UserID:YB Yenae Ball Station 7  LanId: | (11/30 13:00:03 - 11/30 13:59:58) | Drop count limit (5) exceeded while pinging service [asp.raintreeinc.com] 570x

[27A8] ComputerName:FRONTOFFICE UserID:YB Yenae Ball Station 7  LanId: | (11/30 14:00:04 - 11/30 14:40:13) | Drop count limit (5) exceeded while pinging service [asp.raintreeinc.com] 383x

[265E] ComputerName:CHELLAPTOP2 UserID:A0010 Nate Coronado Station 1  LanId: | (11/30 08:20:34) | Client is disconnected from agent.
[265E] ComputerName:CHELLAPTOP2 UserID:A0010 Nate Coronado Station 1  LanId: | (11/30 08:21:31 - 11/30 08:30:01) | Drop count limit (5) exceeded while pinging www.google.com [www.google.com] 24 times
[265E] ComputerName:CHELLAPTOP2 UserID:A0010 Nate Coronado Station 1  LanId: | (11/30 08:30:08 - 11/30 08:30:23) | Drop count limit (5) exceeded while pinging www.google.com [192.168.1.254] 4x

[265E] ComputerName:CHELLAPTOP2 UserID:A0010 Nate Coronado Station 1  LanId: | (11/30 09:06:43) | Drop count limit (5) exceeded while pinging service [asp.raintreeinc.com]
[265E] ComputerName:CHELLAPTOP2 UserID:A0010 Nate Coronado Station 1  LanId: | (11/30 09:06:46) | Drop count limit (5) exceeded while pinging www.google.com [www.google.com]
[265E] ComputerName:CHELLAPTOP2 UserID:A0010 Nate Coronado Station 1  LanId: | (11/30 09:06:48) | Drop count limit (5) exceeded while pinging service [asp.raintreeinc.com]
[265E] ComputerName:CHELLAPTOP2 UserID:A0010 Nate Coronado Station 1  LanId: | (11/30 09:06:51) | Drop count limit (5) exceeded while pinging www.google.com [www.google.com]
[265E] ComputerName:CHELLAPTOP2 UserID:A0010 Nate Coronado Station 1  LanId: | (11/30 09:06:53) | Drop count limit (5) exceeded while pinging service [asp.raintreeinc.com]
[265E] ComputerName:CHELLAPTOP2 UserID:A0010 Nate Coronado Station 1  LanId: | (11/30 09:06:56) | Drop count limit (5) exceeded while pinging www.google.com [www.google.com]
[265E] ComputerName:CHELLAPTOP2 UserID:A0010 Nate Coronado Station 1  LanId: | (11/30 09:06:58) | Drop count limit (5) exceeded while pinging service [asp.raintreeinc.com]
[265E] ComputerName:CHELLAPTOP2 UserID:A0010 Nate Coronado Station 1  LanId: | (11/30 09:07:01) | Drop count limit (5) exceeded while pinging www.google.com [www.google.com]
[265E] ComputerName:CHELLAPTOP2 UserID:A0010 Nate Coronado Station 1  LanId: | (11/30 09:07:03) | Drop count limit (5) exceeded while pinging service [asp.raintreeinc.com]
[265E] ComputerName:CHELLAPTOP2 UserID:A0010 Nate Coronado Station 1  LanId: | (11/30 09:07:06) | Drop count limit (5) exceeded while pinging www.google.com [www.google.com]
[265E] ComputerName:CHELLAPTOP2 UserID:A0010 Nate Coronado Station 1  LanId: | (11/30 09:07:08) | Drop count limit (5) exceeded while pinging service [asp.raintreeinc.com]
[265E] ComputerName:CHELLAPTOP2 UserID:A0010 Nate Coronado Station 1  LanId: | (11/30 09:07:11) | Drop count limit (5) exceeded while pinging www.google.com [www.google.com]
[265E] ComputerName:CHELLAPTOP2 UserID:A0010 Nate Coronado Station 1  LanId: | (11/30 09:07:13) | Drop count limit (5) exceeded while pinging service [asp.raintreeinc.com]
[265E] ComputerName:CHELLAPTOP2 UserID:A0010 Nate Coronado Station 1  LanId: | (11/30 09:07:16) | Drop count limit (5) exceeded while pinging www.google.com [www.google.com]
[265E] ComputerName:CHELLAPTOP2 UserID:A0010 Nate Coronado Station 1  LanId: | (11/30 09:07:18) | Drop count limit (5) exceeded while pinging service [asp.raintreeinc.com]
[265E] ComputerName:CHELLAPTOP2 UserID:A0010 Nate Coronado Station 1  LanId: | (11/30 09:07:21) | Drop count limit (5) exceeded while pinging www.google.com [www.google.com]
[265E] ComputerName:CHELLAPTOP2 UserID:A0010 Nate Coronado Station 1  LanId: | (11/30 09:07:23) | Drop count limit (5) exceeded while pinging service [asp.raintreeinc.com]
[265E] ComputerName:CHELLAPTOP2 UserID:A0010 Nate Coronado Station 1  LanId: | (11/30 09:07:26) | Drop count limit (5) exceeded while pinging www.google.com [www.google.com]
[265E] ComputerName:CHELLAPTOP2 UserID:A0010 Nate Coronado Station 1  LanId: | (11/30 09:07:28) | Drop count limit (5) exceeded while pinging service [asp.raintreeinc.com]
[265E] ComputerName:CHELLAPTOP2 UserID:A0010 Nate Coronado Station 1  LanId: | (11/30 09:07:31) | Drop count limit (5) exceeded while pinging www.google.com [www.google.com]
[265E] ComputerName:CHELLAPTOP2 UserID:A0010 Nate Coronado Station 1  LanId: | (11/30 09:07:33) | Drop count limit (5) exceeded while pinging service [asp.raintreeinc.com]
[265E] ComputerName:CHELLAPTOP2 UserID:A0010 Nate Coronado Station 1  LanId: | (11/30 09:07:36) | Drop count limit (5) exceeded while pinging www.google.com [www.google.com]
[265E] ComputerName:CHELLAPTOP2 UserID:A0010 Nate Coronado Station 1  LanId: | (11/30 09:07:39) | Drop count limit (5) exceeded while pinging service [asp.raintreeinc.com]
[265E] ComputerName:CHELLAPTOP2 UserID:A0010 Nate Coronado Station 1  LanId: | (11/30 09:07:41) | Drop count limit (5) exceeded while pinging www.google.com [www.google.com]
[265E] ComputerName:CHELLAPTOP2 UserID:A0010 Nate Coronado Station 1  LanId: | (11/30 09:07:44) | Drop count limit (5) exceeded while pinging service [asp.raintreeinc.com]
[265E] ComputerName:CHELLAPTOP2 UserID:A0010 Nate Coronado Station 1  LanId: | (11/30 09:07:46) | Drop count limit (5) exceeded while pinging www.google.com [www.google.com]
[265E] ComputerName:CHELLAPTOP2 UserID:A0010 Nate Coronado Station 1  LanId: | (11/30 09:07:49) | Drop count limit (5) exceeded while pinging service [asp.raintreeinc.com]
[265E] ComputerName:CHELLAPTOP2 UserID:A0010 Nate Coronado Station 1  LanId: | (11/30 09:07:51) | Drop count limit (5) exceeded while pinging www.google.com [www.google.com]
[265E] ComputerName:CHELLAPTOP2 UserID:A0010 Nate Coronado Station 1  LanId: | (11/30 09:07:54) | Drop count limit (5) exceeded while pinging service [asp.raintreeinc.com]
[265E] ComputerName:CHELLAPTOP2 UserID:A0010 Nate Coronado Station 1  LanId: | (11/30 09:07:56) | Drop count limit (5) exceeded while pinging www.google.com [www.google.com]
[265E] ComputerName:CHELLAPTOP2 UserID:A0010 Nate Coronado Station 1  LanId: | (11/30 09:07:59) | Drop count limit (5) exceeded while pinging service [asp.raintreeinc.com]
[265E] ComputerName:CHELLAPTOP2 UserID:A0010 Nate Coronado Station 1  LanId: | (11/30 09:08:01) | Drop count limit (5) exceeded while pinging www.google.com [www.google.com]
[265E] ComputerName:CHELLAPTOP2 UserID:A0010 Nate Coronado Station 1  LanId: | (11/30 09:08:04) | Drop count limit (5) exceeded while pinging service [asp.raintreeinc.com]
[265E] ComputerName:CHELLAPTOP2 UserID:A0010 Nate Coronado Station 1  LanId: | (11/30 09:08:07) | Drop count limit (5) exceeded while pinging www.google.com [www.google.com]
[265E] ComputerName:CHELLAPTOP2 UserID:A0010 Nate Coronado Station 1  LanId: | (11/30 09:08:09) | Drop count limit (5) exceeded while pinging service [asp.raintreeinc.com]
[265E] ComputerName:CHELLAPTOP2 UserID:A0010 Nate Coronado Station 1  LanId: | (11/30 09:08:12) | Drop count limit (5) exceeded while pinging www.google.com [www.google.com]
[265E] ComputerName:CHELLAPTOP2 UserID:A0010 Nate Coronado Station 1  LanId: | (11/30 09:08:14) | Drop count limit (5) exceeded while pinging service [asp.raintreeinc.com]
[265E] ComputerName:CHELLAPTOP2 UserID:A0010 Nate Coronado Station 1  LanId: | (11/30 09:08:17) | Drop count limit (5) exceeded while pinging www.google.com [www.google.com]
[265E] ComputerName:CHELLAPTOP2 UserID:A0010 Nate Coronado Station 1  LanId: | (11/30 09:08:19) | Drop count limit (5) exceeded while pinging service [asp.raintreeinc.com]
[265E] ComputerName:CHELLAPTOP2 UserID:A0010 Nate Coronado Station 1  LanId: | (11/30 09:08:22) | Drop count limit (5) exceeded while pinging www.google.com [www.google.com]
[265E] ComputerName:CHELLAPTOP2 UserID:A0010 Nate Coronado Station 1  LanId: | (11/30 09:08:24) | Drop count limit (5) exceeded while pinging service [asp.raintreeinc.com]
[265E] ComputerName:CHELLAPTOP2 UserID:A0010 Nate Coronado Station 1  LanId: | (11/30 09:08:27) | Drop count limit (5) exceeded while pinging www.google.com [www.google.com]
[265E] ComputerName:CHELLAPTOP2 UserID:A0010 Nate Coronado Station 1  LanId: | (11/30 09:08:29) | Drop count limit (5) exceeded while pinging service [asp.raintreeinc.com]
[265E] ComputerName:CHELLAPTOP2 UserID:A0010 Nate Coronado Station 1  LanId: | (11/30 09:08:32) | Drop count limit (5) exceeded while pinging www.google.com [www.google.com]
[265E] ComputerName:CHELLAPTOP2 UserID:A0010 Nate Coronado Station 1  LanId: | (11/30 09:08:34) | Drop count limit (5) exceeded while pinging service [asp.raintreeinc.com]
[265E] ComputerName:CHELLAPTOP2 UserID:A0010 Nate Coronado Station 1  LanId: | (11/30 09:08:37) | Drop count limit (5) exceeded while pinging www.google.com [www.google.com]
[265E] ComputerName:CHELLAPTOP2 UserID:A0010 Nate Coronado Station 1  LanId: | (11/30 09:08:39) | Drop count limit (5) exceeded while pinging service [asp.raintreeinc.com]
[265E] ComputerName:CHELLAPTOP2 UserID:A0010 Nate Coronado Station 1  LanId: | (11/30 09:08:42) | Drop count limit (5) exceeded while pinging www.google.com [www.google.com]
[265E] ComputerName:CHELLAPTOP2 UserID:A0010 Nate Coronado Station 1  LanId: | (11/30 09:08:44) | Drop count limit (5) exceeded while pinging service [asp.raintreeinc.com]
[265E] ComputerName:CHELLAPTOP2 UserID:A0010 Nate Coronado Station 1  LanId: | (11/30 09:08:47) | Drop count limit (5) exceeded while pinging www.google.com [www.google.com]
[265E] ComputerName:CHELLAPTOP2 UserID:A0010 Nate Coronado Station 1  LanId: | (11/30 09:08:49) | Drop count limit (5) exceeded while pinging service [asp.raintreeinc.com]
[265E] ComputerName:CHELLAPTOP2 UserID:A0010 Nate Coronado Station 1  LanId: | (11/30 09:08:52) | Drop count limit (5) exceeded while pinging www.google.com [www.google.com]
[265E] ComputerName:CHELLAPTOP2 UserID:A0010 Nate Coronado Station 1  LanId: | (11/30 09:08:54) | Drop count limit (5) exceeded while pinging service [asp.raintreeinc.com]
[265E] ComputerName:CHELLAPTOP2 UserID:A0010 Nate Coronado Station 1  LanId: | (11/30 09:08:57) | Drop count limit (5) exceeded while pinging www.google.com [www.google.com]
[265E] ComputerName:CHELLAPTOP2 UserID:A0010 Nate Coronado Station 1  LanId: | (11/30 09:08:59) | Drop count limit (5) exceeded while pinging service [asp.raintreeinc.com]
[265E] ComputerName:CHELLAPTOP2 UserID:A0010 Nate Coronado Station 1  LanId: | (11/30 09:09:02) | Drop count limit (5) exceeded while pinging www.google.com [www.google.com]
[265E] ComputerName:CHELLAPTOP2 UserID:A0010 Nate Coronado Station 1  LanId: | (11/30 09:09:04) | Drop count limit (5) exceeded while pinging service [asp.raintreeinc.com]
[265E] ComputerName:CHELLAPTOP2 UserID:A0010 Nate Coronado Station 1  LanId: | (11/30 09:09:07) | Drop count limit (5) exceeded while pinging www.google.com [www.google.com]
[265E] ComputerName:CHELLAPTOP2 UserID:A0010 Nate Coronado Station 1  LanId: | (11/30 09:09:09) | Drop count limit (5) exceeded while pinging service [asp.raintreeinc.com]
[265E] ComputerName:CHELLAPTOP2 UserID:A0010 Nate Coronado Station 1  LanId: | (11/30 09:09:12) | Drop count limit (5) exceeded while pinging www.google.com [www.google.com]
[265E] ComputerName:CHELLAPTOP2 UserID:A0010 Nate Coronado Station 1  LanId: | (11/30 09:09:14) | Drop count limit (5) exceeded while pinging service [asp.raintreeinc.com]
[265E] ComputerName:CHELLAPTOP2 UserID:A0010 Nate Coronado Station 1  LanId: | (11/30 09:09:17) | Drop count limit (5) exceeded while pinging www.google.com [www.google.com]
[265E] ComputerName:CHELLAPTOP2 UserID:A0010 Nate Coronado Station 1  LanId: | (11/30 09:09:19) | Drop count limit (5) exceeded while pinging service [asp.raintreeinc.com]
[265E] ComputerName:CHELLAPTOP2 UserID:A0010 Nate Coronado Station 1  LanId: | (11/30 09:09:22) | Drop count limit (5) exceeded while pinging www.google.com [www.google.com]
[265E] ComputerName:CHELLAPTOP2 UserID:A0010 Nate Coronado Station 1  LanId: | (11/30 09:09:24) | Drop count limit (5) exceeded while pinging service [asp.raintreeinc.com]
[265E] ComputerName:CHELLAPTOP2 UserID:A0010 Nate Coronado Station 1  LanId: | (11/30 09:09:27) | Drop count limit (5) exceeded while pinging www.google.com [www.google.com]
[265E] ComputerName:CHELLAPTOP2 UserID:A0010 Nate Coronado Station 1  LanId: | (11/30 09:09:29) | Drop count limit (5) exceeded while pinging service [asp.raintreeinc.com]
[265E] ComputerName:CHELLAPTOP2 UserID:A0010 Nate Coronado Station 1  LanId: | (11/30 09:09:32) | Drop count limit (5) exceeded while pinging www.google.com [192.168.1.254]
[265E] ComputerName:CHELLAPTOP2 UserID:A0010 Nate Coronado Station 1  LanId: | (11/30 09:09:34) | Drop count limit (5) exceeded while pinging service [192.168.1.254]
[265E] ComputerName:CHELLAPTOP2 UserID:A0010 Nate Coronado Station 1  LanId: | (11/30 09:09:37) | Drop count limit (5) exceeded while pinging www.google.com [192.168.1.254]
[265E] ComputerName:CHELLAPTOP2 UserID:A0010 Nate Coronado Station 1  LanId: | (11/30 09:09:39) | Drop count limit (5) exceeded while pinging service [192.168.1.254]
[265E] ComputerName:CHELLAPTOP2 UserID:A0010 Nate Coronado Station 1  LanId: | (11/30 09:09:42) | Drop count limit (5) exceeded while pinging www.google.com [192.168.1.254]
[265E] ComputerName:CHELLAPTOP2 UserID:A0010 Nate Coronado Station 1  LanId: | (11/30 09:09:44) | Drop count limit (5) exceeded while pinging service [192.168.1.254]
[265E] ComputerName:CHELLAPTOP2 UserID:A0010 Nate Coronado Station 1  LanId: | (11/30 09:09:47) | Drop count limit (5) exceeded while pinging www.google.com [192.168.1.254]
[265E] ComputerName:CHELLAPTOP2 UserID:A0010 Nate Coronado Station 1  LanId: | (11/30 09:09:49) | Drop count limit (5) exceeded while pinging service [192.168.1.254]

[265E] ComputerName:CHELLAPTOP2 UserID:A0010 Nate Coronado Station 1  LanId: | (11/30 12:10:42 - 11/30 12:59:54) | Drop count limit (5) exceeded while pinging service [asp.raintreeinc.com] 483x

[265E] ComputerName:CHELLAPTOP2 UserID:A0010 Nate Coronado Station 1  LanId: | (11/30 13:00:00 - 11/30 13:59:56) | Drop count limit (5) exceeded while pinging service [asp.raintreeinc.com] 588x

[265E] ComputerName:CHELLAPTOP2 UserID:A0010 Nate Coronado Station 1  LanId: | (11/30 14:00:02 - 11/30 14:59:57) | Drop count limit (5) exceeded while pinging service [asp.raintreeinc.com] 588x

[265E] ComputerName:CHELLAPTOP2 UserID:A0010 Nate Coronado Station 1  LanId: | (11/30 15:00:03 - 11/30 15:59:54) | Drop count limit (5) exceeded while pinging service [asp.raintreeinc.com] 587x

[265E] ComputerName:CHELLAPTOP2 UserID:A0010 Nate Coronado Station 1  LanId: | (11/30 16:00:00 - 11/30 16:35:14) | Drop count limit (5) exceeded while pinging service [asp.raintreeinc.com] 346x

[265E] ComputerName:CHELLAPTOP2 UserID:A0010 Nate Coronado Station 1  LanId: | (11/30 16:35:20 - 11/30 16:36:15) | Drop count limit (5) exceeded while pinging service [asp.raintreeinc.com] 10x

[265E] ComputerName:CHELLAPTOP2 UserID:A0010 Nate Coronado Station 1  LanId: | (11/30 16:36:21 - 11/30 16:37:10) | Drop count limit (5) exceeded while pinging service [asp.raintreeinc.com] 9x

[265E] ComputerName:CHELLAPTOP2 UserID:A0010 Nate Coronado Station 1  LanId: | (11/30 16:37:17 - 11/30 16:38:12) | Drop count limit (5) exceeded while pinging service [asp.raintreeinc.com] 10x

[265E] ComputerName:CHELLAPTOP2 UserID:A0010 Nate Coronado Station 1  LanId: | (11/30 16:38:18 - 11/30 16:39:13) | Drop count limit (5) exceeded while pinging service [asp.raintreeinc.com] 10x

[265E] ComputerName:CHELLAPTOP2 UserID:A0010 Nate Coronado Station 1  LanId: | (11/30 16:39:19 - 11/30 16:40:14) | Drop count limit (5) exceeded while pinging service [asp.raintreeinc.com] 10x

[265E] ComputerName:CHELLAPTOP2 UserID:A0010 Nate Coronado Station 1  LanId: | (11/30 16:40:20 - 11/30 16:41:15) | Drop count limit (5) exceeded while pinging service [asp.raintreeinc.com] 10x

[3781] ComputerName:BETHGARWICK UserID:A0006 Beth Garwick Station 1  LanId: | (11/30 16:40:34) | Client is disconnected from agent.
[3781] ComputerName:BETHGARWICK UserID:A0006 Beth Garwick Station 1 (locked) LanId: | (11/30 16:40:39) | Client is connected to agent.

[265E] ComputerName:CHELLAPTOP2 UserID:A0010 Nate Coronado Station 1  LanId: | (11/30 16:41:22 - 11/30 16:42:11) | Drop count limit (5) exceeded while pinging service [asp.raintreeinc.com] 9x

[265E] ComputerName:CHELLAPTOP2 UserID:A0010 Nate Coronado Station 1  LanId: | (11/30 16:42:17 - 11/30 16:43:12) | Drop count limit (5) exceeded while pinging service [asp.raintreeinc.com] 10x

[265E] ComputerName:CHELLAPTOP2 UserID:A0010 Nate Coronado Station 1  LanId: | (11/30 16:43:18 - 11/30 16:44:13) | Drop count limit (5) exceeded while pinging service [asp.raintreeinc.com] 10x

[265E] ComputerName:CHELLAPTOP2 UserID:A0010 Nate Coronado Station 1  LanId: | (11/30 16:44:19 - 11/30 16:45:14) | Drop count limit (5) exceeded while pinging service [asp.raintreeinc.com] 10x

[265E] ComputerName:CHELLAPTOP2 UserID:A0010 Nate Coronado Station 1  LanId: | (11/30 16:45:20 - 11/30 16:46:16) | Drop count limit (5) exceeded while pinging service [asp.raintreeinc.com] 10x

[265E] ComputerName:CHELLAPTOP2 UserID:A0010 Nate Coronado Station 1  LanId: | (11/30 16:46:22 - 11/30 16:47:16) | Drop count limit (5) exceeded while pinging service [asp.raintreeinc.com] 10x

[265E] ComputerName:CHELLAPTOP2 UserID:A0010 Nate Coronado Station 1  LanId: | (11/30 16:47:23 - 11/30 16:48:12) | Drop count limit (5) exceeded while pinging service [asp.raintreeinc.com] 9x

[265E] ComputerName:CHELLAPTOP2 UserID:A0010 Nate Coronado Station 1  LanId: | (11/30 16:48:18 - 11/30 16:49:13) | Drop count limit (5) exceeded while pinging service [asp.raintreeinc.com] 10x

[265E] ComputerName:CHELLAPTOP2 UserID:A0010 Nate Coronado Station 1  LanId: | (11/30 16:49:19 - 11/30 16:50:14) | Drop count limit (5) exceeded while pinging service [asp.raintreeinc.com] 10x

[265E] ComputerName:CHELLAPTOP2 UserID:A0010 Nate Coronado Station 1  LanId: | (11/30 16:50:20 - 11/30 16:51:15) | Drop count limit (5) exceeded while pinging service [asp.raintreeinc.com] 10x

[265E] ComputerName:CHELLAPTOP2 UserID:A0010 Nate Coronado Station 1  LanId: | (11/30 16:51:21 - 11/30 16:52:17) | Drop count limit (5) exceeded while pinging service [asp.raintreeinc.com] 10x

[265E] ComputerName:CHELLAPTOP2 UserID:A0010 Nate Coronado Station 1  LanId: | (11/30 16:52:23 - 11/30 16:53:12) | Drop count limit (5) exceeded while pinging service [asp.raintreeinc.com] 9x

[265E] ComputerName:CHELLAPTOP2 UserID:A0010 Nate Coronado Station 1  LanId: | (11/30 16:53:18 - 11/30 16:54:13) | Drop count limit (5) exceeded while pinging service [asp.raintreeinc.com] 10x

[265E] ComputerName:CHELLAPTOP2 UserID:A0010 Nate Coronado Station 1  LanId: | (11/30 16:54:19 - 11/30 16:55:14) | Drop count limit (5) exceeded while pinging service [asp.raintreeinc.com] 10x

[265E] ComputerName:CHELLAPTOP2 UserID:A0010 Nate Coronado Station 1  LanId: | (11/30 16:55:20 - 11/30 16:56:15) | Drop count limit (5) exceeded while pinging service [asp.raintreeinc.com] 10x

[265E] ComputerName:CHELLAPTOP2 UserID:A0010 Nate Coronado Station 1  LanId: | (11/30 16:56:22 - 11/30 16:57:17) | Drop count limit (5) exceeded while pinging service [asp.raintreeinc.com] 10x

[265E] ComputerName:CHELLAPTOP2 UserID:A0010 Nate Coronado Station 1  LanId: | (11/30 16:57:23 - 11/30 16:58:12) | Drop count limit (5) exceeded while pinging service [asp.raintreeinc.com] 9x

[265E] ComputerName:CHELLAPTOP2 UserID:A0010 Nate Coronado Station 1  LanId: | (11/30 16:58:18 - 11/30 16:59:13) | Drop count limit (5) exceeded while pinging service [asp.raintreeinc.com] 10x

[265E] ComputerName:CHELLAPTOP2 UserID:A0010 Nate Coronado Station 1  LanId: | (11/30 16:59:19 - 11/30 16:59:56) | Drop count limit (5) exceeded while pinging service [asp.raintreeinc.com] 7x

[265E] ComputerName:CHELLAPTOP2 UserID:A0010 Nate Coronado Station 1  LanId: | (11/30 17:00:02 - 11/30 17:00:14) | Drop count limit (5) exceeded while pinging service [asp.raintreeinc.com] 3x

[265E] ComputerName:CHELLAPTOP2 UserID:A0010 Nate Coronado Station 1  LanId: | (11/30 17:00:20 - 11/30 17:01:16) | Drop count limit (5) exceeded while pinging service [asp.raintreeinc.com] 10x

[265E] ComputerName:CHELLAPTOP2 UserID:A0010 Nate Coronado Station 1  LanId: | (11/30 17:01:22 - 11/30 17:02:17) | Drop count limit (5) exceeded while pinging service [asp.raintreeinc.com] 10x

[265E] ComputerName:CHELLAPTOP2 UserID:A0010 Nate Coronado Station 1  LanId: | (11/30 17:02:23 - 11/30 17:03:12) | Drop count limit (5) exceeded while pinging service [asp.raintreeinc.com] 9x

[265E] ComputerName:CHELLAPTOP2 UserID:A0010 Nate Coronado Station 1  LanId: | (11/30 17:03:18 - 11/30 17:04:13) | Drop count limit (5) exceeded while pinging service [asp.raintreeinc.com] 10x

[265E] ComputerName:CHELLAPTOP2 UserID:A0010 Nate Coronado Station 1  LanId: | (11/30 17:04:19 - 11/30 17:05:14) | Drop count limit (5) exceeded while pinging service [asp.raintreeinc.com] 10x

[265E] ComputerName:CHELLAPTOP2 UserID:A0010 Nate Coronado Station 1  LanId: | (11/30 17:05:20 - 11/30 17:06:16) | Drop count limit (5) exceeded while pinging service [asp.raintreeinc.com] 10x

[265E] ComputerName:CHELLAPTOP2 UserID:A0010 Nate Coronado Station 1  LanId: | (11/30 17:06:22 - 11/30 17:07:17) | Drop count limit (5) exceeded while pinging service [asp.raintreeinc.com] 10x

[265E] ComputerName:CHELLAPTOP2 UserID:A0010 Nate Coronado Station 1  LanId: | (11/30 17:07:23 - 11/30 17:08:12) | Drop count limit (5) exceeded while pinging service [asp.raintreeinc.com] 9x

[265E] ComputerName:CHELLAPTOP2 UserID:A0010 Nate Coronado Station 1  LanId: | (11/30 17:08:18 - 11/30 17:09:13) | Drop count limit (5) exceeded while pinging service [asp.raintreeinc.com] 10x

[265E] ComputerName:CHELLAPTOP2 UserID:A0010 Nate Coronado Station 1  LanId: | (11/30 17:09:19 - 11/30 17:10:14) | Drop count limit (5) exceeded while pinging service [asp.raintreeinc.com] 10x

[265E] ComputerName:CHELLAPTOP2 UserID:A0010 Nate Coronado Station 1  LanId: | (11/30 17:10:21 - 11/30 17:11:16) | Drop count limit (5) exceeded while pinging service [asp.raintreeinc.com] 10x

[265E] ComputerName:CHELLAPTOP2 UserID:A0010 Nate Coronado Station 1  LanId: | (11/30 17:11:22 - 11/30 17:12:17) | Drop count limit (5) exceeded while pinging service [asp.raintreeinc.com] 10x

[265E] ComputerName:CHELLAPTOP2 UserID:A0010 Nate Coronado Station 1  LanId: | (11/30 17:12:23 - 11/30 17:13:18) | Drop count limit (5) exceeded while pinging service [asp.raintreeinc.com] 10x

[265E] ComputerName:CHELLAPTOP2 UserID:A0010 Nate Coronado Station 1  LanId: | (11/30 17:13:24 - 11/30 17:14:13) | Drop count limit (5) exceeded while pinging service [asp.raintreeinc.com] 9x

[265E] ComputerName:CHELLAPTOP2 UserID:A0010 Nate Coronado Station 1  LanId: | (11/30 17:14:19 - 11/30 17:15:15) | Drop count limit (5) exceeded while pinging service [asp.raintreeinc.com] 10x

[265E] ComputerName:CHELLAPTOP2 UserID:A0010 Nate Coronado Station 1  LanId: | (11/30 17:15:21 - 11/30 17:16:16) | Drop count limit (5) exceeded while pinging service [asp.raintreeinc.com] 10x

[265E] ComputerName:CHELLAPTOP2 UserID:A0010 Nate Coronado Station 1  LanId: | (11/30 17:16:22 - 11/30 17:17:17) | Drop count limit (5) exceeded while pinging service [asp.raintreeinc.com] 10x

[265E] ComputerName:CHELLAPTOP2 UserID:A0010 Nate Coronado Station 1  LanId: | (11/30 17:17:23 - 11/30 17:18:18) | Drop count limit (5) exceeded while pinging service [asp.raintreeinc.com] 10x

[265E] ComputerName:CHELLAPTOP2 UserID:A0010 Nate Coronado Station 1  LanId: | (11/30 17:18:24 - 11/30 17:19:13) | Drop count limit (5) exceeded while pinging service [asp.raintreeinc.com] 9x

[265E] ComputerName:CHELLAPTOP2 UserID:A0010 Nate Coronado Station 1  LanId: | (11/30 17:19:20 - 11/30 17:20:15) | Drop count limit (5) exceeded while pinging service [asp.raintreeinc.com] 10x

[265E] ComputerName:CHELLAPTOP2 UserID:A0010 Nate Coronado Station 1  LanId: | (11/30 17:20:21 - 11/30 17:21:16) | Drop count limit (5) exceeded while pinging service [asp.raintreeinc.com] 10x

[265E] ComputerName:CHELLAPTOP2 UserID:A0010 Nate Coronado Station 1  LanId: | (11/30 17:21:22 - 11/30 17:22:17) | Drop count limit (5) exceeded while pinging service [asp.raintreeinc.com] 10x

[265E] ComputerName:CHELLAPTOP2 UserID:A0010 Nate Coronado Station 1  LanId: | (11/30 17:22:23 - 11/30 17:23:18) | Drop count limit (5) exceeded while pinging service [asp.raintreeinc.com] 10x

[265E] ComputerName:CHELLAPTOP2 UserID:A0010 Nate Coronado Station 1  LanId: | (11/30 17:23:25 - 11/30 17:24:14) | Drop count limit (5) exceeded while pinging service [asp.raintreeinc.com] 9x

[265E] ComputerName:CHELLAPTOP2 UserID:A0010 Nate Coronado Station 1  LanId: | (11/30 17:24:20 - 11/30 17:25:15) | Drop count limit (5) exceeded while pinging service [asp.raintreeinc.com] 10x

[265E] ComputerName:CHELLAPTOP2 UserID:A0010 Nate Coronado Station 1  LanId: | (11/30 17:25:21 - 11/30 17:26:16) | Drop count limit (5) exceeded while pinging service [asp.raintreeinc.com] 10x

[265E] ComputerName:CHELLAPTOP2 UserID:A0010 Nate Coronado Station 1  LanId: | (11/30 17:26:22 - 11/30 17:27:17) | Drop count limit (5) exceeded while pinging service [asp.raintreeinc.com] 10x

[265E] ComputerName:CHELLAPTOP2 UserID:A0010 Nate Coronado Station 1  LanId: | (11/30 17:27:23 - 11/30 17:28:19) | Drop count limit (5) exceeded while pinging service [asp.raintreeinc.com] 10x

[265E] ComputerName:CHELLAPTOP2 UserID:A0010 Nate Coronado Station 1  LanId: | (11/30 17:28:25 - 11/30 17:29:14) | Drop count limit (5) exceeded while pinging service [asp.raintreeinc.com] 9x

[265E] ComputerName:CHELLAPTOP2 UserID:A0010 Nate Coronado Station 1  LanId: | (11/30 17:29:20 - 11/30 17:30:15) | Drop count limit (5) exceeded while pinging service [asp.raintreeinc.com] 10x

[265E] ComputerName:CHELLAPTOP2 UserID:A0010 Nate Coronado Station 1  LanId: | (11/30 17:30:21 - 11/30 17:37:23) | Drop count limit (5) exceeded while pinging service [asp.raintreeinc.com] 70x

[08D5] ComputerName:KCUTSHALL-PC UserID:GO kcutshall Station 9901  LanId: | (11/30 14:08:18 - 11/30 14:08:38) | Drop count limit (5) exceeded while pinging www.google.com [www.google.com] 5x

[08D5] ComputerName:KCUTSHALL-PC UserID:GO kcutshall Station 9901  LanId: | (11/30 18:16:32 - 11/30 18:19:36) | Drop count limit (5) exceeded while pinging www.google.com [www.google.com] 34x

