[13EA5] ComputerName:PELHAMLAPTOP UserID:A0011 Laura Longard Station 11  LanId: | (12/20 03:27:08) | Client is disconnected from agent.
[13EA5] ComputerName:PELHAMLAPTOP UserID:A0011 Laura Longard Station 11  LanId: | (12/20 03:27:13) | Client is connected to agent.

[1435E] ComputerName:PELHAMLAPTOP UserID:A0011 Laura Longard Station 11  LanId: | (12/20 04:04:12) | Client is disconnected from agent.
[1435E] ComputerName:PELHAMLAPTOP UserID:A0011 Laura Longard Station 11  LanId: | (12/20 04:04:17) | Client is connected to agent.

[14542] ComputerName:BETHGARWICK UserID:A0006 Beth Garwick Station 9  LanId: | (12/20 09:43:02) | Client is disconnected from agent.
[14542] ComputerName:BETHGARWICK UserID:A0006 Beth Garwick Station 9 (locked) LanId: | (12/20 09:43:07) | Client is connected to agent.

[14453] ComputerName:PELHAMLAPTOP UserID:A0011 Laura Longard Station 3B  LanId: | (12/20 10:58:44) | Client is disconnected from agent.
[14453] ComputerName:PELHAMLAPTOP UserID:A0011 Laura Longard Station 3B  LanId: | (12/20 10:58:49) | Client is connected to agent.

[14453] ComputerName:PELHAMLAPTOP UserID:A0011 Laura Longard Station 3  LanId: | (12/20 11:00:41) | Client is disconnected from agent.
[14453] ComputerName:PELHAMLAPTOP UserID:A0011 Laura Longard Station 3  LanId: | (12/20 11:00:46) | Client is connected to agent.

[147DB] ComputerName:PELHAMLAPTOP UserID:A0011 Laura Longard Station 3A  LanId: | (12/20 11:39:45) | Client is disconnected from agent.
[147DB] ComputerName:PELHAMLAPTOP UserID:A0011 Laura Longard Station 3B  LanId: | (12/20 11:39:56) | Client is connected to agent.

[14D37] ComputerName:APTOFFICE UserID:DP Dale Patterson Station 2  LanId: | (12/20 13:52:16) | Drop count limit (5) exceeded while pinging www.google.com [74.125.45.105]
[14D37] ComputerName:APTOFFICE UserID:DP Dale Patterson Station 2  LanId: | (12/20 13:52:18) | Client is connected to agent.
[14D37] ComputerName:APTOFFICE UserID:DP Dale Patterson Station 2  LanId: | (12/20 13:52:21 - 12/20 13:52:26) | Drop count limit (5) exceeded while pinging www.google.com [74.125.45.105] 2x

[14D37] ComputerName:APTOFFICE UserID:DP Dale Patterson Station 2  LanId: | (12/20 13:54:19) | Client is disconnected from agent.
[14D37] ComputerName:APTOFFICE UserID:DP Dale Patterson Station 2  LanId: | (12/20 13:54:39 - 12/20 13:56:22) | Drop count limit (5) exceeded while pinging www.google.com [www.google.com] 14 times
[14D37] ComputerName:APTOFFICE UserID:DP Dale Patterson Station 2  LanId: | (12/20 13:56:25) | Client is connected to agent.
[14D37] ComputerName:APTOFFICE UserID:DP Dale Patterson Station 2  LanId: | (12/20 13:56:27 - 12/20 13:56:42) | Drop count limit (5) exceeded while pinging www.google.com [74.125.65.103] 4x

[14D85] ComputerName:BETHGARWICK UserID:A0006 Beth Garwick Station 9  LanId: | (12/20 14:23:48) | Client is disconnected from agent.
[14D85] ComputerName:BETHGARWICK UserID:A0006 Beth Garwick Station 9  LanId: | (12/20 14:23:53) | Client is connected to agent.

[144C7] ComputerName:APTMOODY UserID:RN Reba Nappier Station 6A  LanId: | (12/20 14:29:09) | Client is disconnected from agent.
[144C7] ComputerName:APTMOODY UserID:RN Reba Nappier Station 6A  LanId: | (12/20 14:29:45) | Client is connected to agent.

[14E9E] ComputerName:BETHGARWICK UserID:A0006 Beth Garwick Station 9  LanId: | (12/20 14:29:01) | Client is disconnected from agent.
[14E9E] ComputerName:BETHGARWICK UserID:A0006 Beth Garwick Station 9  LanId: | (12/20 14:29:36) | Client is connected to agent.

[144C7] ComputerName:APTMOODY UserID:RN Reba Nappier Station 6A  LanId: | (12/20 14:30:15) | Client is disconnected from agent.
[144C7] ComputerName:APTMOODY UserID:RN Reba Nappier Station 6A  LanId: | (12/20 14:30:40) | Client is connected to agent.

[14E9E] ComputerName:BETHGARWICK UserID:A0006 Beth Garwick Station 9 (locked) LanId: | (12/20 14:30:06) | Client is disconnected from agent.
[14E9E] ComputerName:BETHGARWICK UserID:A0006 Beth Garwick Station 9 (locked) LanId: | (12/20 14:30:36) | Client is connected to agent.

[144C7] ComputerName:APTMOODY UserID:RN Reba Nappier Station 6A  LanId: | (12/20 14:31:16) | Client is disconnected from agent.
[144C7] ComputerName:APTMOODY UserID:RN Reba Nappier Station 6A  LanId: | (12/20 14:35:29) | Client is connected to agent.

[0032] ComputerName:APTMOODY UserID:RN Reba Nappier Station 11  LanId: | (12/20 14:40:19) | Client is disconnected from agent.
[0032] ComputerName:APTMOODY UserID:RN Reba Nappier Station 11  LanId: | (12/20 14:40:39) | Client is connected to agent.

[144D8] ComputerName:MOODYLAPTOP UserID:A0007 Jonathan Burke Station 8  LanId: | (12/20 14:29:10) | Client is disconnected from agent.

[14535] ComputerName:FRONTOFFICEPELH UserID:GB Ginger Burt Station 10  LanId: | (12/20 14:29:03) | Client is disconnected from agent.

[14B83] ComputerName:CHELLAPTOP2 UserID:A0010 Nate Coronado Station 4  LanId: | (12/20 14:29:01) | Client is disconnected from agent.

[0117] ComputerName:BETHGARWICK UserID:A0006 Beth Garwick Station 9 (locked) LanId: | (12/20 14:31:07) | Client is disconnected from agent.

[14837] ComputerName:FRONTOFFICE UserID:YB Yenae Ball Station 7A  LanId: | (12/20 14:28:55) | Client is disconnected from agent.
[14837] ComputerName:FRONTOFFICE UserID:YB Yenae Ball Station 7A  LanId: | (12/20 14:29:31) | Client is connected to agent.
[14837] ComputerName:FRONTOFFICE UserID:YB Yenae Ball Station 7A  LanId: | (12/20 14:30:02) | Client is disconnected from agent.

[14DDD] ComputerName:APTOFFICE UserID:DP Dale Patterson Station 2  LanId: | (12/20 13:57:40) | Client is disconnected from agent.
[14DDD] ComputerName:APTOFFICE UserID:DP Dale Patterson Station 2  LanId: | (12/20 13:58:02 - 12/20 13:59:29) | Drop count limit (5) exceeded while pinging www.google.com [www.google.com] 12 times
[14DDD] ComputerName:APTOFFICE UserID:DP Dale Patterson Station 2  LanId: | (12/20 13:59:34 - 12/20 13:59:49) | Drop count limit (5) exceeded while pinging www.google.com [74.125.45.104] 4x

[02C9] ComputerName:KCUTSHALL-PC UserID:GO kcutshall Station 9900  LanId: | (12/20 14:18:18) | Drop count limit (5) exceeded while pinging www.google.com [www.google.com]

[02C9] ComputerName:KCUTSHALL-PC UserID:GO kcutshall Station 9900  LanId: | (12/20 14:24:22 - 12/20 14:24:43) | Drop count limit (5) exceeded while pinging www.google.com [www.google.com] 2 times
[02C9] ComputerName:KCUTSHALL-PC UserID:GO kcutshall Station 9900  LanId: | (12/20 14:24:48) | Drop count limit (5) exceeded while pinging www.google.com [74.125.224.176]
[02C9] ComputerName:KCUTSHALL-PC UserID:GO kcutshall Station 9900  LanId: | (12/20 14:24:54) | Drop count limit (5) exceeded while pinging www.google.com [www.google.com]

[14898] ComputerName:PELHAMLAPTOP UserID:A0011 Laura Longard Station 3A  LanId: | (12/20 14:29:04) | Client is disconnected from agent.
[14898] ComputerName:PELHAMLAPTOP UserID:A0011 Laura Longard Station 3A  LanId: | (12/20 14:39:16) | Drop count limit (5) exceeded while pinging www.google.com [www.google.com]

[14898] ComputerName:PELHAMLAPTOP UserID:A0011 Laura Longard Station 3A  LanId: | (12/20 15:46:17 - 12/20 15:46:22) | Drop count limit (5) exceeded while pinging www.google.com [www.google.com] 2 times
[14898] ComputerName:PELHAMLAPTOP UserID:A0011 Laura Longard Station 3A  LanId: | (12/20 15:46:27) | Drop count limit (5) exceeded while pinging www.google.com [74.125.65.104]
[14898] ComputerName:PELHAMLAPTOP UserID:A0011 Laura Longard Station 3A  LanId: | (12/20 15:46:33) | Drop count limit (5) exceeded while pinging www.google.com [www.google.com]
[14898] ComputerName:PELHAMLAPTOP UserID:A0011 Laura Longard Station 3A  LanId: | (12/20 15:46:37) | Drop count limit (5) exceeded while pinging www.google.com [74.125.65.104]
[14898] ComputerName:PELHAMLAPTOP UserID:A0011 Laura Longard Station 3A  LanId: | (12/20 15:46:43 - 12/20 15:47:00) | Drop count limit (5) exceeded while pinging www.google.com [www.google.com] 2 times
[14898] ComputerName:PELHAMLAPTOP UserID:A0011 Laura Longard Station 3A  LanId: | (12/20 15:47:05) | Drop count limit (5) exceeded while pinging www.google.com [74.125.65.104]
[14898] ComputerName:PELHAMLAPTOP UserID:A0011 Laura Longard Station 3A  LanId: | (12/20 15:47:11) | Drop count limit (5) exceeded while pinging www.google.com [www.google.com]

[02C9] ComputerName:KCUTSHALL-PC UserID:GO kcutshall Station 9900  LanId: | (12/20 14:56:39 - 12/20 14:56:51) | Drop count limit (5) exceeded while pinging www.google.com [www.google.com] 2 times
[02C9] ComputerName:KCUTSHALL-PC UserID:GO kcutshall Station 9900  LanId: | (12/20 14:56:56) | Drop count limit (5) exceeded while pinging www.google.com [74.125.224.177]

[02C9] ComputerName:KCUTSHALL-PC UserID:GO kcutshall Station 9900  LanId: | (12/20 15:16:22 - 12/20 15:16:39) | Drop count limit (5) exceeded while pinging www.google.com [www.google.com] 4 times
[02C9] ComputerName:KCUTSHALL-PC UserID:GO kcutshall Station 9900  LanId: | (12/20 15:16:44) | Drop count limit (5) exceeded while pinging www.google.com [74.125.224.84]
[02C9] ComputerName:KCUTSHALL-PC UserID:GO kcutshall Station 9900  LanId: | (12/20 15:16:50) | Drop count limit (5) exceeded while pinging www.google.com [www.google.com]
[02C9] ComputerName:KCUTSHALL-PC UserID:GO kcutshall Station 9900  LanId: | (12/20 15:16:55) | Drop count limit (5) exceeded while pinging www.google.com [74.125.224.84]
[02C9] ComputerName:KCUTSHALL-PC UserID:GO kcutshall Station 9900  LanId: | (12/20 15:17:01 - 12/20 15:17:11) | Drop count limit (5) exceeded while pinging www.google.com [www.google.com] 3 times
[02C9] ComputerName:KCUTSHALL-PC UserID:GO kcutshall Station 9900  LanId: | (12/20 15:17:17) | Drop count limit (5) exceeded while pinging www.google.com [74.125.224.84]

[02C9] ComputerName:KCUTSHALL-PC UserID:GO kcutshall Station 9900  LanId: | (12/20 15:17:22) | Drop count limit (5) exceeded while pinging www.google.com [74.125.224.84]

[02C9] ComputerName:KCUTSHALL-PC UserID:GO kcutshall Station 9900  LanId: | (12/20 15:26:03) | Drop count limit (5) exceeded while pinging www.google.com [www.google.com]

[02C9] ComputerName:KCUTSHALL-PC UserID:GO kcutshall Station 9900  LanId: | (12/20 15:33:14) | Drop count limit (5) exceeded while pinging www.google.com [www.google.com]

[02C9] ComputerName:KCUTSHALL-PC UserID:GO kcutshall Station 9900  LanId: | (12/20 15:36:28) | Drop count limit (5) exceeded while pinging www.google.com [www.google.com]

[02C9] ComputerName:KCUTSHALL-PC UserID:GO kcutshall Station 9900  LanId: | (12/20 15:57:24) | Drop count limit (5) exceeded while pinging www.google.com [www.google.com]

[02C9] ComputerName:KCUTSHALL-PC UserID:GO kcutshall Station 9900  LanId: | (12/20 15:57:29 - 12/20 15:57:35) | Drop count limit (5) exceeded while pinging www.google.com [www.google.com] 2 times
[02C9] ComputerName:KCUTSHALL-PC UserID:GO kcutshall Station 9900  LanId: | (12/20 15:57:40 - 12/20 15:57:56) | Drop count limit (5) exceeded while pinging www.google.com [74.125.224.177] 4x

[02C9] ComputerName:KCUTSHALL-PC UserID:GO kcutshall Station 9900  LanId: | (12/20 16:25:48) | Drop count limit (5) exceeded while pinging www.google.com [www.google.com]

[02C9] ComputerName:KCUTSHALL-PC UserID:GO kcutshall Station 9900  LanId: | (12/20 16:35:39 - 12/20 16:35:50) | Drop count limit (5) exceeded while pinging www.google.com [www.google.com] 3 times
[02C9] ComputerName:KCUTSHALL-PC UserID:GO kcutshall Station 9900  LanId: | (12/20 16:35:56 - 12/20 16:36:12) | Drop count limit (5) exceeded while pinging www.google.com [74.125.224.179] 4 times
[02C9] ComputerName:KCUTSHALL-PC UserID:GO kcutshall Station 9900  LanId: | (12/20 16:36:17) | Drop count limit (5) exceeded while pinging www.google.com [www.google.com]

[02C9] ComputerName:KCUTSHALL-PC UserID:GO kcutshall Station 9900  LanId: | (12/20 16:45:08 - 12/20 16:45:13) | Drop count limit (5) exceeded while pinging www.google.com [www.google.com] 2 times
[02C9] ComputerName:KCUTSHALL-PC UserID:GO kcutshall Station 9900  LanId: | (12/20 16:45:19 - 12/20 16:45:25) | Drop count limit (5) exceeded while pinging www.google.com [74.125.224.179] 2x

[02C9] ComputerName:KCUTSHALL-PC UserID:GO kcutshall Station 9900  LanId: | (12/20 16:45:35) | Drop count limit (5) exceeded while pinging www.google.com [www.google.com]
[02C9] ComputerName:KCUTSHALL-PC UserID:GO kcutshall Station 9900  LanId: | (12/20 16:45:40) | Drop count limit (5) exceeded while pinging www.google.com [74.125.224.179]

[02C9] ComputerName:KCUTSHALL-PC UserID:GO kcutshall Station 9900  LanId: | (12/20 16:51:31 - 12/20 16:51:42) | Drop count limit (5) exceeded while pinging www.google.com [www.google.com] 3 times
[02C9] ComputerName:KCUTSHALL-PC UserID:GO kcutshall Station 9900  LanId: | (12/20 16:51:48 - 12/20 16:52:03) | Drop count limit (5) exceeded while pinging www.google.com [74.125.224.180] 4x

[02C9] ComputerName:KCUTSHALL-PC UserID:GO kcutshall Station 9900  LanId: | (12/20 17:32:22 - 12/20 17:32:28) | Drop count limit (5) exceeded while pinging www.google.com [www.google.com] 2x

[02C9] ComputerName:KCUTSHALL-PC UserID:GO kcutshall Station 9900  LanId: | (12/20 17:32:33 - 12/20 17:32:39) | Drop count limit (5) exceeded while pinging www.google.com [74.125.224.178] 2 times
[02C9] ComputerName:KCUTSHALL-PC UserID:GO kcutshall Station 9900  LanId: | (12/20 17:32:54) | Drop count limit (5) exceeded while pinging www.google.com [www.google.com]

[02C9] ComputerName:KCUTSHALL-PC UserID:GO kcutshall Station 9900  LanId: | (12/20 17:36:10 - 12/20 17:36:26) | Drop count limit (5) exceeded while pinging www.google.com [www.google.com] 2x

[02C9] ComputerName:KCUTSHALL-PC UserID:GO kcutshall Station 9900  LanId: | (12/20 18:05:27 - 12/20 18:05:33) | Drop count limit (5) exceeded while pinging www.google.com [www.google.com] 2x

[02C9] ComputerName:KCUTSHALL-PC UserID:GO kcutshall Station 9900  LanId: | (12/20 18:05:38 - 12/20 18:05:44) | Drop count limit (5) exceeded while pinging www.google.com [www.google.com] 2 times
[02C9] ComputerName:KCUTSHALL-PC UserID:GO kcutshall Station 9900  LanId: | (12/20 18:05:49 - 12/20 18:06:05) | Drop count limit (5) exceeded while pinging www.google.com [74.125.224.176] 4x

[039C] ComputerName:OWNER-BC8810E49 UserID:A0005 Kelley Zajac Station 1  LanId: | (12/20 17:28:48) | Client is disconnected from agent.
[039C] ComputerName:OWNER-BC8810E49 UserID:A0005 Kelley Zajac Station 1 (locked) LanId: | (12/20 17:29:03) | Client is connected to agent.

[02C9] ComputerName:KCUTSHALL-PC UserID:GO kcutshall Station 9900  LanId: | (12/20 19:01:13) | Drop count limit (5) exceeded while pinging www.google.com [www.google.com]

[02C9] ComputerName:KCUTSHALL-PC UserID:GO kcutshall Station 9900  LanId: | (12/20 19:07:37) | Drop count limit (5) exceeded while pinging www.google.com [www.google.com]

[02C9] ComputerName:KCUTSHALL-PC UserID:GO kcutshall Station 9900  LanId: | (12/20 19:13:43 - 12/20 19:13:54) | Drop count limit (5) exceeded while pinging www.google.com [www.google.com] 3 times
[02C9] ComputerName:KCUTSHALL-PC UserID:GO kcutshall Station 9900  LanId: | (12/20 19:13:59 - 12/20 19:14:15) | Drop count limit (5) exceeded while pinging www.google.com [74.125.224.178] 4x

[143D5] ComputerName:APTPELHAM UserID:A0003 Todd Howatt Station 1A (locked) LanId: | (12/20 14:32:08) | Client is disconnected from agent.

[14BC7] ComputerName:CLAYTON-PC UserID:GO Clayton Station 9900  LanId: | (12/20 13:28:56) | Client is disconnected from agent.

