[5629] ComputerName:BETHGARWICK UserID:A0006 Beth Garwick Station 7  LanId: | (12/01 09:04:58) | Client is disconnected from agent.
[5629] ComputerName:BETHGARWICK UserID:A0006 Beth Garwick Station 7 (locked) LanId: | (12/01 09:05:03) | Client is connected to agent.

[57ED] ComputerName:BETHGARWICK UserID:A0006 Beth Garwick Station 7 (locked) LanId: | (12/01 10:06:44) | Client is disconnected from agent.
[57ED] ComputerName:BETHGARWICK UserID:A0006 Beth Garwick Station 7 (locked) LanId: | (12/01 10:06:49) | Client is connected to agent.

[55A8] ComputerName:APTMOODY UserID:RN Reba Nappier Station 6A  LanId: | (12/01 15:01:33) | Client is disconnected from agent.
[55A8] ComputerName:APTMOODY UserID:RN Reba Nappier Station 6A  LanId: | (12/01 15:01:38) | Client is connected to agent.

[6700] ComputerName:FRONTOFFICE UserID:A0005 Kelley Zajac Station 3  LanId: | (12/01 15:20:57) | Client is disconnected from agent.
[6700] ComputerName:FRONTOFFICE UserID:A0005 Kelley Zajac Station 3  LanId: | (12/01 15:21:02) | Client is connected to agent.

[5EAD] ComputerName:CHELLAPTOP2 UserID:A0005 Kelley Zajac Station 2  LanId: | (12/01 15:58:22) | Client is disconnected from agent.
[5EAD] ComputerName:CHELLAPTOP2 UserID:A0005 Kelley Zajac Station 2  LanId: | (12/01 15:58:37) | Client is connected to agent.

[6466] ComputerName:PELHAMLAPTOP UserID:A0011 Laura Longard Station 10A  LanId: | (12/01 16:31:24) | Client is disconnected from agent.
[6466] ComputerName:PELHAMLAPTOP UserID:A0011 Laura Longard Station 10A  LanId: | (12/01 16:31:29) | Client is connected to agent.

[6794] ComputerName:BETHGARWICK UserID:A0006 Beth Garwick Station 7A  LanId: | (12/01 16:50:09) | Client is disconnected from agent.
[6794] ComputerName:BETHGARWICK UserID:A0006 Beth Garwick Station 7A (locked) LanId: | (12/01 16:50:14) | Client is connected to agent.

[6A5F] ComputerName:PELHAMLAPTOP UserID:A0011 Laura Longard Station 10A  LanId: | (12/01 17:00:19 - 12/01 17:00:24) | Drop count limit (5) exceeded while pinging www.google.com [www.google.com] 2 times
[6A5F] ComputerName:PELHAMLAPTOP UserID:A0011 Laura Longard Station 10A  LanId: | (12/01 17:00:27) | Client is disconnected from agent.
[6A5F] ComputerName:PELHAMLAPTOP UserID:A0011 Laura Longard Station 10A  LanId: | (12/01 17:00:30) | Drop count limit (5) exceeded while pinging www.google.com [74.125.47.147]
[6A5F] ComputerName:PELHAMLAPTOP UserID:A0011 Laura Longard Station 10A  LanId: | (12/01 17:00:32) | Client is connected to agent.
[6A5F] ComputerName:PELHAMLAPTOP UserID:A0011 Laura Longard Station 10A  LanId: | (12/01 17:00:40) | Drop count limit (5) exceeded while pinging www.google.com [www.google.com]
[6A5F] ComputerName:PELHAMLAPTOP UserID:A0011 Laura Longard Station 10A  LanId: | (12/01 17:00:45) | Drop count limit (5) exceeded while pinging www.google.com [74.125.47.147]

[6A5F] ComputerName:PELHAMLAPTOP UserID:A0011 Laura Longard Station 10A  LanId: | (12/01 17:00:56) | Drop count limit (5) exceeded while pinging www.google.com [www.google.com]

[6AFE] ComputerName:BETHGARWICK UserID:A0006 Beth Garwick Station 7  LanId: | (12/01 17:15:10) | Client is disconnected from agent.
[6AFE] ComputerName:BETHGARWICK UserID:A0006 Beth Garwick Station 7A  LanId: | (12/01 17:15:15) | Client is connected to agent.

