[7C37] ComputerName:OWNER-BC8810E49 UserID:A0005 Kelley Zajac Station 1  LanId: | (12/30 07:08:41) | Client is disconnected from agent.
[7C37] ComputerName:OWNER-BC8810E49 UserID:A0005 Kelley Zajac Station 1 (locked) LanId: | (12/30 07:08:56) | Client is connected to agent.

[7C37] ComputerName:OWNER-BC8810E49 UserID:A0005 Kelley Zajac Station 1A  LanId: | (12/30 07:17:27) | Client is disconnected from agent.

[7C37] ComputerName:OWNER-BC8810E49 UserID:A0005 Kelley Zajac Station 1A  LanId: | (12/30 07:17:37) | Client is connected to agent.

[7C9C] ComputerName:OWNER-BC8810E49 UserID:A0005 Kelley Zajac Station 1  LanId: | (12/30 07:26:18) | Client is disconnected from agent.
[7C9C] ComputerName:OWNER-BC8810E49 UserID:A0005 Kelley Zajac Station 1  LanId: | (12/30 07:26:33) | Client is connected to agent.

[7C71] ComputerName:APTPELHAM UserID:A0003 Todd Howatt Station 3  LanId: | (12/30 08:17:50) | Client is disconnected from agent.
[7C71] ComputerName:APTPELHAM UserID:A0003 Todd Howatt Station 3  LanId: | (12/30 08:17:55) | Client is connected to agent.

[7DF5] ComputerName:MOODYLAPTOP UserID:A0007 Jonathan Burke Station 11  LanId: | (12/30 09:03:08) | Client is disconnected from agent.
[7DF5] ComputerName:MOODYLAPTOP UserID:A0007 Jonathan Burke Station 11 (locked) LanId: | (12/30 09:03:23) | Client is connected to agent.

[7EDD] ComputerName:PELHAMLAPTOP UserID:A0011 Laura Longard Station 11B  LanId: | (12/30 10:55:55) | Client is disconnected from agent.
[7EDD] ComputerName:PELHAMLAPTOP UserID:A0011 Laura Longard Station 11B  LanId: | (12/30 10:56:05) | Client is connected to agent.

[8071] ComputerName:PELHAMLAPTOP UserID:A0011 Laura Longard Station 11B  LanId: | (12/30 11:32:33) | Client is disconnected from agent.
[8071] ComputerName:PELHAMLAPTOP UserID:A0011 Laura Longard Station 11B  LanId: | (12/30 11:32:38) | Client is connected to agent.

[8113] ComputerName:PELHAMLAPTOP UserID:A0011 Laura Longard Station 11  LanId: | (12/30 11:53:46) | Client is disconnected from agent.
[8113] ComputerName:PELHAMLAPTOP UserID:A0011 Laura Longard Station 11B  LanId: | (12/30 11:53:51) | Client is connected to agent.

[84EA] ComputerName:EMMETT-THINK UserID:A0001 Emmett Parker Station 3  LanId: | (12/30 15:34:15 - 12/30 15:34:21) | Drop count limit (5) exceeded while pinging www.google.com [www.google.com] 2 times
[84EA] ComputerName:EMMETT-THINK UserID:A0001 Emmett Parker Station 3  LanId: | (12/30 15:34:26 - 12/30 15:34:37) | Drop count limit (5) exceeded while pinging www.google.com [74.125.225.144] 3x

[84EA] ComputerName:EMMETT-THINK UserID:A0001 Emmett Parker Station 3  LanId: | (12/30 15:50:32) | Client is disconnected from agent.
[84EA] ComputerName:EMMETT-THINK UserID:A0001 Emmett Parker Station 3  LanId: | (12/30 15:50:47) | Client is connected to agent.
[84EA] ComputerName:EMMETT-THINK UserID:A0001 Emmett Parker Station 3  LanId: | (12/30 15:50:49) | Drop count limit (5) exceeded while pinging www.google.com [www.google.com]

[84EA] ComputerName:EMMETT-THINK UserID:A0001 Emmett Parker Station 3 (locked) LanId: | (12/30 15:54:04 - 12/30 15:54:16) | Drop count limit (5) exceeded while pinging www.google.com [www.google.com] 3x

[84EA] ComputerName:EMMETT-THINK UserID:A0001 Emmett Parker Station 3 (locked) LanId: | (12/30 15:54:22) | Drop count limit (5) exceeded while pinging www.google.com [www.google.com]
[84EA] ComputerName:EMMETT-THINK UserID:A0001 Emmett Parker Station 3 (locked) LanId: | (12/30 15:54:33) | Drop count limit (5) exceeded while pinging www.google.com [74.125.225.146]
[84EA] ComputerName:EMMETT-THINK UserID:A0001 Emmett Parker Station 3 (locked) LanId: | (12/30 15:54:38 - 12/30 15:55:07) | Drop count limit (5) exceeded while pinging www.google.com [www.google.com] 6 times
[8573] ComputerName:EMMETT-THINK UserID:A0001 Emmett Parker Station 3 (locked) LanId: | (12/30 15:55:13) | Drop count limit (5) exceeded while pinging www.google.com [www.google.com]

[8573] ComputerName:EMMETT-THINK UserID:A0001 Emmett Parker Station 3 (locked) LanId: | (12/30 15:55:18 - 12/30 15:56:12) | Drop count limit (5) exceeded while pinging www.google.com [www.google.com] 10x

[8573] ComputerName:EMMETT-THINK UserID:A0001 Emmett Parker Station 3 (locked) LanId: | (12/30 15:56:18 - 12/30 15:57:17) | Drop count limit (5) exceeded while pinging www.google.com [www.google.com] 11x

[8573] ComputerName:EMMETT-THINK UserID:A0001 Emmett Parker Station 3 (locked) LanId: | (12/30 15:57:23 - 12/30 15:57:41) | Drop count limit (5) exceeded while pinging www.google.com [www.google.com] 4 times
[8573] ComputerName:EMMETT-THINK UserID:A0001 Emmett Parker Station 3 (locked) LanId: | (12/30 15:57:46) | Drop count limit (5) exceeded while pinging www.google.com [74.125.225.146]
[8573] ComputerName:EMMETT-THINK UserID:A0001 Emmett Parker Station 3 (locked) LanId: | (12/30 15:57:52 - 12/30 15:58:02) | Drop count limit (5) exceeded while pinging www.google.com [www.google.com] 3 times
[8573] ComputerName:EMMETT-THINK UserID:A0001 Emmett Parker Station 3 (locked) LanId: | (12/30 15:58:08) | Drop count limit (5) exceeded while pinging www.google.com [74.125.225.146]
[8573] ComputerName:EMMETT-THINK UserID:A0001 Emmett Parker Station 3 (locked) LanId: | (12/30 15:58:14) | Drop count limit (5) exceeded while pinging www.google.com [www.google.com]

[8573] ComputerName:EMMETT-THINK UserID:A0001 Emmett Parker Station 3 (locked) LanId: | (12/30 15:58:19 - 12/30 15:58:36) | Drop count limit (5) exceeded while pinging www.google.com [www.google.com] 4 times
[8573] ComputerName:EMMETT-THINK UserID:A0001 Emmett Parker Station 3 (locked) LanId: | (12/30 15:58:42) | Drop count limit (5) exceeded while pinging www.google.com [74.125.225.146]
[8573] ComputerName:EMMETT-THINK UserID:A0001 Emmett Parker Station 3 (locked) LanId: | (12/30 15:58:48 - 12/30 15:58:58) | Drop count limit (5) exceeded while pinging www.google.com [www.google.com] 3 times
[8573] ComputerName:EMMETT-THINK UserID:A0001 Emmett Parker Station 3 (locked) LanId: | (12/30 15:59:04) | Drop count limit (5) exceeded while pinging www.google.com [74.125.225.146]
[8573] ComputerName:EMMETT-THINK UserID:A0001 Emmett Parker Station 3 (locked) LanId: | (12/30 15:59:10 - 12/30 15:59:16) | Drop count limit (5) exceeded while pinging www.google.com [www.google.com] 2x

[8573] ComputerName:EMMETT-THINK UserID:A0001 Emmett Parker Station 3 (locked) LanId: | (12/30 15:59:21 - 12/30 15:59:58) | Drop count limit (5) exceeded while pinging www.google.com [www.google.com] 7x

[8573] ComputerName:EMMETT-THINK UserID:A0001 Emmett Parker Station 3 (locked) LanId: | (12/30 16:00:04 - 12/30 16:00:16) | Drop count limit (5) exceeded while pinging www.google.com [www.google.com] 3x

[8573] ComputerName:EMMETT-THINK UserID:A0001 Emmett Parker Station 3 (locked) LanId: | (12/30 16:00:22 - 12/30 16:00:45) | Drop count limit (5) exceeded while pinging www.google.com [www.google.com] 5 times
[8573] ComputerName:EMMETT-THINK UserID:A0001 Emmett Parker Station 3 (locked) LanId: | (12/30 16:00:50) | Drop count limit (5) exceeded while pinging www.google.com [74.125.225.146]
[8573] ComputerName:EMMETT-THINK UserID:A0001 Emmett Parker Station 3 (locked) LanId: | (12/30 16:00:56 - 12/30 16:01:12) | Drop count limit (5) exceeded while pinging www.google.com [www.google.com] 4x

[8573] ComputerName:EMMETT-THINK UserID:A0001 Emmett Parker Station 3 (locked) LanId: | (12/30 16:01:18 - 12/30 16:01:42) | Drop count limit (5) exceeded while pinging www.google.com [www.google.com] 5 times
[8573] ComputerName:EMMETT-THINK UserID:A0001 Emmett Parker Station 3 (locked) LanId: | (12/30 16:01:46) | Client is disconnected from agent.
[8573] ComputerName:EMMETT-THINK UserID:A0001 Emmett Parker Station 3 (locked) LanId: | (12/30 16:01:48 - 12/30 16:01:54) | Drop count limit (5) exceeded while pinging www.google.com [www.google.com] 2 times
[8573] ComputerName:EMMETT-THINK UserID:A0001 Emmett Parker Station 3 (locked) LanId: | (12/30 16:01:56) | Client is connected to agent.
[8573] ComputerName:EMMETT-THINK UserID:A0001 Emmett Parker Station 3 (locked) LanId: | (12/30 16:02:00 - 12/30 16:02:12) | Drop count limit (5) exceeded while pinging www.google.com [www.google.com] 3x

[8573] ComputerName:EMMETT-THINK UserID:A0001 Emmett Parker Station 3 (locked) LanId: | (12/30 16:19:23) | Client is disconnected from agent.
[8573] ComputerName:EMMETT-THINK UserID:A0001 Emmett Parker Station 3 (locked) LanId: | (12/30 16:20:13 - 12/30 16:21:31) | Drop count limit (5) exceeded while pinging www.google.com [www.google.com] 14 times
[8573] ComputerName:EMMETT-THINK UserID:A0001 Emmett Parker Station 3 (locked) LanId: | (12/30 16:21:37) | Drop count limit (5) exceeded while pinging www.google.com [74.125.225.144]
[8573] ComputerName:EMMETT-THINK UserID:A0001 Emmett Parker Station 3 (locked) LanId: | (12/30 16:21:42 - 12/30 16:25:57) | Drop count limit (5) exceeded while pinging www.google.com [www.google.com] 44 times
[8573] ComputerName:EMMETT-THINK UserID:A0001 Emmett Parker Station 3 (locked) LanId: | (12/30 16:26:03) | Drop count limit (5) exceeded while pinging www.google.com [74.125.225.144]
[8573] ComputerName:EMMETT-THINK UserID:A0001 Emmett Parker Station 3 (locked) LanId: | (12/30 16:26:08 - 12/30 16:26:31) | Drop count limit (5) exceeded while pinging www.google.com [www.google.com] 5 times
[8573] ComputerName:EMMETT-THINK UserID:A0001 Emmett Parker Station 3 (locked) LanId: | (12/30 16:26:36) | Drop count limit (5) exceeded while pinging www.google.com [74.125.225.144]
[8573] ComputerName:EMMETT-THINK UserID:A0001 Emmett Parker Station 3 (locked) LanId: | (12/30 16:26:42 - 12/30 16:28:13) | Drop count limit (5) exceeded while pinging www.google.com [www.google.com] 16 times
[8573] ComputerName:EMMETT-THINK UserID:A0001 Emmett Parker Station 3 (locked) LanId: | (12/30 16:28:18) | Drop count limit (5) exceeded while pinging www.google.com [74.125.225.148]
[8573] ComputerName:EMMETT-THINK UserID:A0001 Emmett Parker Station 3 (locked) LanId: | (12/30 16:28:24 - 12/30 16:31:19) | Drop count limit (5) exceeded while pinging www.google.com [www.google.com] 31 times
[8573] ComputerName:EMMETT-THINK UserID:A0001 Emmett Parker Station 3 (locked) LanId: | (12/30 16:31:25) | Drop count limit (5) exceeded while pinging www.google.com [74.125.225.148]
[8573] ComputerName:EMMETT-THINK UserID:A0001 Emmett Parker Station 3 (locked) LanId: | (12/30 16:31:31 - 12/30 16:31:53) | Drop count limit (5) exceeded while pinging www.google.com [www.google.com] 5 times
[8573] ComputerName:EMMETT-THINK UserID:A0001 Emmett Parker Station 3 (locked) LanId: | (12/30 16:31:59) | Drop count limit (5) exceeded while pinging www.google.com [74.125.225.148]
[8573] ComputerName:EMMETT-THINK UserID:A0001 Emmett Parker Station 3 (locked) LanId: | (12/30 16:32:05 - 12/30 16:32:28) | Drop count limit (5) exceeded while pinging www.google.com [www.google.com] 5 times
[8573] ComputerName:EMMETT-THINK UserID:A0001 Emmett Parker Station 3 (locked) LanId: | (12/30 16:32:34) | Drop count limit (5) exceeded while pinging www.google.com [74.125.225.148]
[8573] ComputerName:EMMETT-THINK UserID:A0001 Emmett Parker Station 3 (locked) LanId: | (12/30 16:32:40) | Drop count limit (5) exceeded while pinging www.google.com [www.google.com]
[8573] ComputerName:EMMETT-THINK UserID:A0001 Emmett Parker Station 3 (locked) LanId: | (12/30 16:32:46) | Drop count limit (5) exceeded while pinging www.google.com [74.125.225.148]
[8573] ComputerName:EMMETT-THINK UserID:A0001 Emmett Parker Station 3 (locked) LanId: | (12/30 16:32:51 - 12/30 16:37:02) | Drop count limit (5) exceeded while pinging www.google.com [www.google.com] 41 times
[8573] ComputerName:EMMETT-THINK UserID:A0001 Emmett Parker Station 3 (locked) LanId: | (12/30 16:37:07 - 12/30 16:37:23) | Drop count limit (5) exceeded while pinging www.google.com [74.125.225.147] 4 times
[8573] ComputerName:EMMETT-THINK UserID:A0001 Emmett Parker Station 3 (locked) LanId: | (12/30 16:38:11 - 12/30 16:38:39) | Drop count limit (5) exceeded while pinging www.google.com [www.google.com] 6 times
[8573] ComputerName:EMMETT-THINK UserID:A0001 Emmett Parker Station 3 (locked) LanId: | (12/30 16:38:45) | Drop count limit (5) exceeded while pinging www.google.com [74.125.225.147]
[8573] ComputerName:EMMETT-THINK UserID:A0001 Emmett Parker Station 3 (locked) LanId: | (12/30 16:38:51 - 12/30 16:39:48) | Drop count limit (5) exceeded while pinging www.google.com [www.google.com] 11x

[8573] ComputerName:EMMETT-THINK UserID:A0001 Emmett Parker Station 3 (locked) LanId: | (12/30 17:22:22 - 12/30 17:22:27) | Drop count limit (5) exceeded while pinging www.google.com [www.google.com] 2x

