[9B38] ComputerName:PELHAMLAPTOP UserID:A0011 Laura Longard Station 11A  LanId: | (12/13 07:16:26) | Client is disconnected from agent.
[9B38] ComputerName:PELHAMLAPTOP UserID:A0011 Laura Longard Station 11A  LanId: | (12/13 07:16:36) | Client is connected to agent.

[9B52] ComputerName:PELHAMLAPTOP UserID:A0011 Laura Longard Station 11A  LanId: | (12/13 08:10:43) | Client is disconnected from agent.
[9B52] ComputerName:PELHAMLAPTOP UserID:A0011 Laura Longard Station 11A  LanId: | (12/13 08:10:54) | Client is connected to agent.

[9C62] ComputerName:APTOFFICE UserID:DP Dale Patterson Station 4  LanId: | (12/13 08:12:33) | Client is disconnected from agent.
[9C62] ComputerName:APTOFFICE UserID:DP Dale Patterson Station 4  LanId: | (12/13 08:12:38) | Client is connected to agent.

[9CB2] ComputerName:PELHAMLAPTOP UserID:A0011 Laura Longard Station 11A  LanId: | (12/13 08:31:15) | Client is disconnected from agent.
[9CB2] ComputerName:PELHAMLAPTOP UserID:A0011 Laura Longard Station 11A  LanId: | (12/13 08:31:25) | Client is connected to agent.

[9CBF] ComputerName:APTOFFICE UserID:DP Dale Patterson Station 4A  LanId: | (12/13 09:11:26) | Client is disconnected from agent.
[9CBF] ComputerName:APTOFFICE UserID:DP Dale Patterson Station 4A  LanId: | (12/13 09:11:34) | Drop count limit (5) exceeded while pinging www.google.com [www.google.com]
[9CBF] ComputerName:APTOFFICE UserID:DP Dale Patterson Station 4A  LanId: | (12/13 09:11:46) | Client is connected to agent.

[9D5A] ComputerName:PELHAMLAPTOP UserID:A0011 Laura Longard Station 11  LanId: | (12/13 10:30:55) | Client is disconnected from agent.
[9D5A] ComputerName:PELHAMLAPTOP UserID:A0011 Laura Longard Station 11A  LanId: | (12/13 10:31:05) | Client is connected to agent.

[9EC4] ComputerName:APTOFFICE UserID:DP Dale Patterson Station 4A  LanId: | (12/13 10:47:35) | Client is disconnected from agent.
[9EC4] ComputerName:APTOFFICE UserID:DP Dale Patterson Station 4B  LanId: | (12/13 10:47:40) | Client is connected to agent.

[9C39] ComputerName:APTTRUSSVILLE UserID:A0012 Kevin Thomason Station 3  LanId: | (12/13 12:05:35) | Client is disconnected from agent.
[9C39] ComputerName:APTTRUSSVILLE UserID: Logged out Station 0 LanId: | (12/13 12:05:40) | Client is connected to agent.

[A66C] ComputerName:APTMOODY UserID:RN Reba Nappier Station 8  LanId: | (12/13 13:35:20) | Client is disconnected from agent.
[A66C] ComputerName:APTMOODY UserID:RN Reba Nappier Station 8  LanId: | (12/13 13:35:32) | Drop count limit (5) exceeded while pinging www.google.com [www.google.com]
[A66C] ComputerName:APTMOODY UserID:RN Reba Nappier Station 8  LanId: | (12/13 13:35:40) | Client is connected to agent.

[A66C] ComputerName:APTMOODY UserID:RN Reba Nappier Station 8  LanId: | (12/13 13:37:11) | Client is disconnected from agent.
[A66C] ComputerName:APTMOODY UserID:RN Reba Nappier Station 8  LanId: | (12/13 13:37:46) | Client is connected to agent.

[A8D2] ComputerName:APTMOODY UserID:RN Reba Nappier Station 8A  LanId: | (12/13 15:12:58) | Client is disconnected from agent.
[A8D2] ComputerName:APTMOODY UserID:RN Reba Nappier Station 8A  LanId: | (12/13 15:13:13 - 12/13 15:14:09) | Drop count limit (5) exceeded while pinging www.google.com [www.google.com] 12 times
[A8D2] ComputerName:APTMOODY UserID:RN Reba Nappier Station 8A  LanId: | (12/13 15:14:13) | Client is connected to agent.
[A8D2] ComputerName:APTMOODY UserID:RN Reba Nappier Station 8A  LanId: | (12/13 15:14:14 - 12/13 15:14:29) | Drop count limit (5) exceeded while pinging www.google.com [74.125.45.147] 4x

[AAB3] ComputerName:BETHGARWICK UserID:A0006 Beth Garwick Station 9  LanId: | (12/13 15:18:31) | Client is disconnected from agent.
[AAB3] ComputerName:BETHGARWICK UserID:A0006 Beth Garwick Station 9 (locked) LanId: | (12/13 15:18:36) | Client is connected to agent.

[9B88] ComputerName:FRONTOFFICE UserID:YB Yenae Ball Station 7  LanId: | (12/13 15:26:41) | Client is disconnected from agent.
[9B88] ComputerName:FRONTOFFICE UserID:YB Yenae Ball Station 7  LanId: | (12/13 15:27:01) | Client is connected to agent.

[9BD0] ComputerName:CHELLAPTOP2 UserID:A0010 Nate Coronado Station 2  LanId: | (12/13 16:07:11) | Client is disconnected from agent.
[9BD0] ComputerName:CHELLAPTOP2 UserID:A0010 Nate Coronado Station 2A  LanId: | (12/13 16:07:16) | Client is connected to agent.

[A434] ComputerName:APTTRUSSVILLE UserID:A0012 Kevin Thomason Station 3  LanId: | (12/13 16:23:43) | Client is disconnected from agent.
[A434] ComputerName:APTTRUSSVILLE UserID: Logged out Station 0 LanId: | (12/13 16:23:48) | Client is connected to agent.

[A2B1] ComputerName:KCUTSHALL-PC UserID:GO kcutshall Station 9900 (locked) LanId: | (12/13 15:55:13 - 12/13 15:55:18) | Average limit (300) exceeded while pinging www.google.com [74.125.224.51] 2 times
[A2B1] ComputerName:KCUTSHALL-PC UserID:GO kcutshall Station 9900 (locked) LanId: | (12/13 15:55:23) | Average limit (300) exceeded while pinging www.google.com [www.google.com]
[A2B1] ComputerName:KCUTSHALL-PC UserID:GO kcutshall Station 9900 (locked) LanId: | (12/13 15:55:28 - 12/13 15:56:08) | Average limit (300) exceeded while pinging www.google.com [74.125.224.51] 9x

[A2B1] ComputerName:KCUTSHALL-PC UserID:GO kcutshall Station 9900 (locked) LanId: | (12/13 15:56:13 - 12/13 15:56:28) | Average limit (300) exceeded while pinging www.google.com [74.125.224.51] 4x

[A1FE] ComputerName:PELHAMLAPTOP UserID:A0011 Laura Longard Station 11  LanId: | (12/13 13:47:46) | Client is disconnected from agent.
[A1FE] ComputerName:PELHAMLAPTOP UserID:A0011 Laura Longard Station 11  LanId: | (12/13 13:52:25 - 12/13 13:52:31) | Drop count limit (5) exceeded while pinging www.google.com [www.google.com] 2 times
[A1FE] ComputerName:PELHAMLAPTOP UserID:A0011 Laura Longard Station 11  LanId: | (12/13 13:52:36 - 12/13 13:52:41) | Drop count limit (5) exceeded while pinging www.google.com [74.125.65.106] 2x

[A1FE] ComputerName:PELHAMLAPTOP UserID:A0011 Laura Longard Station 11  LanId: | (12/13 14:45:18) | Drop count limit (5) exceeded while pinging www.google.com [www.google.com]

