[0F52] ComputerName:PELHAMLAPTOP UserID:A0003 Todd Howatt Station 10 (locked) LanId: | (02/07 06:25:44) | Client is disconnected from agent.
[0F52] ComputerName:PELHAMLAPTOP UserID:A0003 Todd Howatt Station 10 (locked) LanId: | (02/07 06:25:49) | Client is connected to agent.

[111A] ComputerName:PELHAMLAPTOP UserID:A0003 Todd Howatt Station 10  LanId: | (02/07 09:12:07) | Client is disconnected from agent.
[111A] ComputerName:PELHAMLAPTOP UserID:A0003 Todd Howatt Station 10  LanId: | (02/07 09:13:48 - 02/07 09:18:36) | Drop count limit (5) exceeded while pinging www.google.com [www.google.com] 4 times
[111A] ComputerName:PELHAMLAPTOP UserID:A0003 Todd Howatt Station 10  LanId: | (02/07 09:18:41 - 02/07 09:18:47) | Drop count limit (5) exceeded while pinging www.google.com [74.125.47.106] 2 times
[111A] ComputerName:PELHAMLAPTOP UserID:A0003 Todd Howatt Station 10  LanId: | (02/07 09:36:17 - 02/07 09:50:09) | Drop count limit (5) exceeded while pinging www.google.com [www.google.com] 2 times
[111A] ComputerName:PELHAMLAPTOP UserID:A0003 Todd Howatt Station 10  LanId: | (02/07 09:50:14) | Drop count limit (5) exceeded while pinging www.google.com [74.125.157.104]

[111A] ComputerName:PELHAMLAPTOP UserID:A0003 Todd Howatt Station 10  LanId: | (02/07 10:01:41) | Drop count limit (5) exceeded while pinging www.google.com [www.google.com]

[11F2] ComputerName:MOODYLAPTOP UserID:A0007 Jonathan Burke Station 2  LanId: | (02/07 12:00:10) | Client is disconnected from agent.
[11F2] ComputerName:MOODYLAPTOP UserID:A0007 Jonathan Burke Station 2  LanId: | (02/07 12:00:15) | Client is connected to agent.

[17EC] ComputerName:PELHAMLAPTOP UserID:A0003 Todd Howatt Station 10  LanId: | (02/07 12:05:11) | Client is disconnected from agent.
[17EC] ComputerName:PELHAMLAPTOP UserID:A0003 Todd Howatt Station 10A  LanId: | (02/07 12:05:16) | Client is connected to agent.

[1431] ComputerName:APTOFFICE UserID:DP Dale Patterson Station 11A  LanId: | (02/07 12:19:56) | Client is disconnected from agent.
[1431] ComputerName:APTOFFICE UserID:DP Dale Patterson Station 11A  LanId: | (02/07 12:20:25 - 02/07 12:21:36) | Drop count limit (5) exceeded while pinging www.google.com [www.google.com] 10x

[1431] ComputerName:APTOFFICE UserID:DP Dale Patterson Station 11A  LanId: | (02/07 12:21:41) | Drop count limit (5) exceeded while pinging www.google.com [74.125.47.147]
[1431] ComputerName:APTOFFICE UserID:DP Dale Patterson Station 11A (locked) LanId: | (02/07 12:21:43) | Client is connected to agent.
[1431] ComputerName:APTOFFICE UserID:DP Dale Patterson Station 11A (locked) LanId: | (02/07 12:21:46 - 02/07 12:21:56) | Drop count limit (5) exceeded while pinging www.google.com [74.125.47.147] 3x

[1C56] ComputerName:APTTRUSSVILLE UserID:A0012 Kevin Thomason Station 7  LanId: | (02/07 14:32:17) | Client is disconnected from agent.
[1C56] ComputerName:APTTRUSSVILLE UserID:A0012 Kevin Thomason Station 7 (locked) LanId: | (02/07 14:32:27) | Client is connected to agent.

[1D6E] ComputerName:APTTRUSSVILLE UserID:A0012 Kevin Thomason Station 7  LanId: | (02/07 15:23:58) | Client is disconnected from agent.
[1D6E] ComputerName:APTTRUSSVILLE UserID:A0012 Kevin Thomason Station 7 (locked) LanId: | (02/07 15:24:03) | Client is connected to agent.

[19EB] ComputerName:APTOFFICE UserID:DP Dale Patterson Station 11A  LanId: | (02/07 15:50:56) | Client is disconnected from agent.
[19EB] ComputerName:APTOFFICE UserID:DP Dale Patterson Station 11C  LanId: | (02/07 15:51:27) | Client is connected to agent.

[1A08] ComputerName:MOODYLAPTOP UserID:A0007 Jonathan Burke Station 2  LanId: | (02/07 15:51:44 - 02/07 15:51:50) | Drop count limit (5) exceeded while pinging www.google.com [www.google.com] 2 times
[1A08] ComputerName:MOODYLAPTOP UserID:A0007 Jonathan Burke Station 2  LanId: | (02/07 15:51:52) | Client is disconnected from agent.
[1A08] ComputerName:MOODYLAPTOP UserID:A0007 Jonathan Burke Station 2  LanId: | (02/07 15:51:56) | Drop count limit (5) exceeded while pinging www.google.com [www.google.com]
[1A08] ComputerName:MOODYLAPTOP UserID:A0007 Jonathan Burke Station 2  LanId: | (02/07 15:51:57) | Client is connected to agent.
[1A08] ComputerName:MOODYLAPTOP UserID:A0007 Jonathan Burke Station 2  LanId: | (02/07 15:52:01 - 02/07 15:52:16) | Drop count limit (5) exceeded while pinging www.google.com [74.125.47.104] 4x

[12E1] ComputerName:APTMOODY UserID:RN Reba Nappier Station 6  LanId: | (02/07 15:51:43) | Drop count limit (5) exceeded while pinging www.google.com [www.google.com]
[12E1] ComputerName:APTMOODY UserID:RN Reba Nappier Station 6  LanId: | (02/07 15:51:46) | Client is disconnected from agent.
[12E1] ComputerName:APTMOODY UserID:RN Reba Nappier Station 6  LanId: | (02/07 15:51:49) | Drop count limit (5) exceeded while pinging www.google.com [www.google.com]
[12E1] ComputerName:APTMOODY UserID:RN Reba Nappier Station 6  LanId: | (02/07 15:51:54 - 02/07 15:51:59) | Drop count limit (5) exceeded while pinging www.google.com [74.125.45.105] 2 times
[12E1] ComputerName:APTMOODY UserID:RN Reba Nappier Station 6A (locked) LanId: | (02/07 15:52:02) | Client is connected to agent.

[1ECA] ComputerName:APTTRUSSVILLE UserID:A0012 Kevin Thomason Station 7  LanId: | (02/07 16:15:00) | Client is disconnected from agent.
[1ECA] ComputerName:APTTRUSSVILLE UserID:A0012 Kevin Thomason Station 7 (locked) LanId: | (02/07 16:15:10) | Client is connected to agent.

[1280] ComputerName:CHELLAPTOP2 UserID:A0010 Nate Coronado Station 1  LanId: | (02/07 16:29:04) | Client is disconnected from agent.
[1280] ComputerName:CHELLAPTOP2 UserID:A0010 Nate Coronado Station 1  LanId: | (02/07 16:29:14) | Client is connected to agent.

