[19394] ComputerName:OWNER-BC8810E49 UserID:A0005 Kelley Zajac Station 4A  LanId: | (01/13 09:31:37) | Client is disconnected from agent.
[19394] ComputerName:OWNER-BC8810E49 UserID:A0005 Kelley Zajac Station 4A  LanId: | (01/13 09:31:47) | Client is connected to agent.

[192F5] ComputerName:CHELLAPTOP2 UserID:A0010 Nate Coronado Station 2  LanId: | (01/13 13:27:23) | Client is disconnected from agent.
[192F5] ComputerName:CHELLAPTOP2 UserID:A0010 Nate Coronado Station 2 (locked) LanId: | (01/13 13:27:43) | Client is connected to agent.

[19418] ComputerName:PELHAMLAPTOP UserID:A0011 Laura Longard Station 11  LanId: | (01/13 13:51:24) | Client is disconnected from agent.
[19418] ComputerName:PELHAMLAPTOP UserID:A0011 Laura Longard Station 11A  LanId: | (01/13 13:51:29) | Client is connected to agent.

[19790] ComputerName:APTOFFICE UserID:DP Dale Patterson Station 6A  LanId: | (01/13 14:31:14) | Client is disconnected from agent.
[19790] ComputerName:APTOFFICE UserID:DP Dale Patterson Station 6A  LanId: | (01/13 14:35:31) | Client is connected to agent.

[195DE] ComputerName:OWNER-BC8810E49 UserID:A0005 Kelley Zajac Station 4  LanId: | (01/13 14:31:08) | Client is disconnected from agent.
[195DE] ComputerName:OWNER-BC8810E49 UserID:A0005 Kelley Zajac Station 4  LanId: | (01/13 14:35:26) | Client is connected to agent.

[19C42] ComputerName:PELHAMLAPTOP UserID:A0011 Laura Longard Station 11  LanId: | (01/13 14:30:59) | Client is disconnected from agent.
[19C42] ComputerName:PELHAMLAPTOP UserID:A0011 Laura Longard Station 11  LanId: | (01/13 14:35:16) | Client is connected to agent.

[1944C] ComputerName:APTMOODY UserID:RN Reba Nappier Station 5A  LanId: | (01/13 14:31:07) | Client is disconnected from agent.

[19790] ComputerName:APTOFFICE UserID: Logged out Station 0 LanId: | (01/13 14:36:32) | Client is disconnected from agent.
[19790] ComputerName:APTOFFICE UserID: Logged out Station 0 LanId: | (01/13 14:37:02) | Client is connected to agent.

[007E] ComputerName:OWNER-BC8810E49 UserID:A0005 Kelley Zajac Station 3  LanId: | (01/13 14:36:27) | Client is disconnected from agent.
[007E] ComputerName:OWNER-BC8810E49 UserID:A0005 Kelley Zajac Station 3  LanId: | (01/13 14:36:57) | Client is connected to agent.

[19C42] ComputerName:PELHAMLAPTOP UserID: Logged out Station 0 LanId: | (01/13 14:36:16) | Client is disconnected from agent.
[19C42] ComputerName:PELHAMLAPTOP UserID: Logged out Station 0 LanId: | (01/13 14:36:47) | Client is connected to agent.

[1934F] ComputerName:FRONTOFFICEPELH UserID:GB Ginger Burt Station 1A  LanId: | (01/13 14:30:57) | Client is disconnected from agent.

[19BBF] ComputerName:CHELLAPTOP2 UserID:A0010 Nate Coronado Station 2 (locked) LanId: | (01/13 15:04:09) | Client is disconnected from agent.
[19BBF] ComputerName:CHELLAPTOP2 UserID:A0010 Nate Coronado Station 2 (locked) LanId: | (01/13 15:04:25 - 01/13 15:04:30) | Drop count limit (5) exceeded while pinging www.google.com [www.google.com] 2 times
[19BBF] ComputerName:CHELLAPTOP2 UserID:A0010 Nate Coronado Station 2 (locked) LanId: | (01/13 15:04:35) | Drop count limit (5) exceeded while pinging www.google.com [74.125.65.104]
[19BBF] ComputerName:CHELLAPTOP2 UserID: Logged out Station 0 LanId: | (01/13 15:04:39) | Client is connected to agent.
[19BBF] ComputerName:CHELLAPTOP2 UserID: Logged out Station 0 LanId: | (01/13 15:04:40) | Drop count limit (5) exceeded while pinging www.google.com [74.125.65.104]

[19340] ComputerName:FRONTOFFICE UserID:YB Yenae Ball Station 7  LanId: | (01/13 14:30:55) | Client is disconnected from agent.

[01CF] ComputerName:PELHAMLAPTOP UserID:A0011 Laura Longard Station 11  LanId: | (01/13 16:50:58) | Client is disconnected from agent.
[01CF] ComputerName:PELHAMLAPTOP UserID:A0011 Laura Longard Station 11A  LanId: | (01/13 16:51:03) | Client is connected to agent.

