[0148] ComputerName:OWNER-BC8810E49 UserID:A0005 Kelley Zajac Station 2  LanId: | (02/01 07:13:35) | Client is disconnected from agent.
[0148] ComputerName:OWNER-BC8810E49 UserID:A0005 Kelley Zajac Station 2  LanId: | (02/01 07:13:45) | Client is connected to agent.

[01EC] ComputerName:OWNER-BC8810E49 UserID:A0005 Kelley Zajac Station 2  LanId: | (02/01 08:26:50) | Client is disconnected from agent.
[01EC] ComputerName:OWNER-BC8810E49 UserID:A0005 Kelley Zajac Station 2  LanId: | (02/01 08:27:00) | Client is connected to agent.

[0962] ComputerName:OWNER-BC8810E49 UserID:A0005 Kelley Zajac Station 2  LanId: | (02/01 12:00:32) | Client is disconnected from agent.
[0962] ComputerName:OWNER-BC8810E49 UserID:A0005 Kelley Zajac Station 2  LanId: | (02/01 12:00:42) | Client is connected to agent.

[0A19] ComputerName:OWNER-BC8810E49 UserID:A0005 Kelley Zajac Station 2  LanId: | (02/01 12:19:58) | Client is disconnected from agent.
[0A19] ComputerName:OWNER-BC8810E49 UserID:A0005 Kelley Zajac Station 2  LanId: | (02/01 12:20:08) | Client is connected to agent.

[0393] ComputerName:CHELLAPTOP2 UserID:A0010 Nate Coronado Station 5  LanId: | (02/01 12:32:01) | Client is disconnected from agent.
[0393] ComputerName:CHELLAPTOP2 UserID:A0010 Nate Coronado Station 5  LanId: | (02/01 12:32:06) | Client is connected to agent.

[0AA6] ComputerName:OWNER-BC8810E49 UserID:A0005 Kelley Zajac Station 2  LanId: | (02/01 13:39:21) | Client is disconnected from agent.
[0AA6] ComputerName:OWNER-BC8810E49 UserID:A0005 Kelley Zajac Station 2 (locked) LanId: | (02/01 13:39:36) | Client is connected to agent.

[0CC6] ComputerName:OWNER-BC8810E49 UserID:A0005 Kelley Zajac Station 2A  LanId: | (02/01 14:36:49) | Client is disconnected from agent.
[0CC6] ComputerName:OWNER-BC8810E49 UserID:A0005 Kelley Zajac Station 2A  LanId: | (02/01 14:37:04) | Client is connected to agent.

[12D8] ComputerName:APTTRUSSVILLE UserID:A0012 Kevin Thomason Station 7A  LanId: | (02/01 20:09:57) | Client is disconnected from agent.
[12D8] ComputerName:APTTRUSSVILLE UserID:A0012 Kevin Thomason Station 7A (locked) LanId: | (02/01 20:10:07) | Client is connected to agent.

[0D40] ComputerName:APTOFFICE UserID:DP Dale Patterson Station 4  LanId: | (02/01 17:49:22) | Client is disconnected from agent.
[0D40] ComputerName:APTOFFICE UserID:DP Dale Patterson Station 4  LanId: | (02/01 17:49:30 - 02/01 17:59:53) | Drop count limit (5) exceeded while pinging www.google.com [www.google.com] 78x

[0D40] ComputerName:APTOFFICE UserID:DP Dale Patterson Station 4  LanId: | (02/01 18:00:01 - 02/01 18:13:15) | Drop count limit (5) exceeded while pinging www.google.com [www.google.com] 100 times
[0D40] ComputerName:APTOFFICE UserID:DP Dale Patterson Station 4  LanId: | (02/01 18:13:20 - 02/01 18:13:36) | Drop count limit (5) exceeded while pinging www.google.com [74.125.47.103] 4x

