[1AAB] ComputerName:PHOENIX UserID:GO Tech Support Station 11  LanId: | (01/24 17:22:25 - 01/24 17:22:50) | Average limit (492) exceeded while pinging www.google.com [209.85.143.99] 6x

[1AAB] ComputerName:PHOENIX UserID:GO Tech Support Station 11  LanId: | (01/24 17:22:55 - 01/24 17:23:00) | Average limit (492) exceeded while pinging www.google.com [209.85.143.99] 2 times
[1AAB] ComputerName:PHOENIX UserID:GO Tech Support Station 11  LanId: | (01/24 17:23:06 - 01/24 17:23:11) | Average limit (492) exceeded while pinging www.google.com [www.google.com] 2 times
[1AAB] ComputerName:PHOENIX UserID:GO Tech Support Station 11  LanId: | (01/24 17:23:16 - 01/24 17:23:52) | Average limit (492) exceeded while pinging www.google.com [209.85.143.99] 8x

[1AAB] ComputerName:PHOENIX UserID:GO Tech Support Station 11  LanId: | (01/24 17:23:57 - 01/24 17:24:02) | Average limit (492) exceeded while pinging www.google.com [www.google.com] 2 times
[1AAB] ComputerName:PHOENIX UserID:GO Tech Support Station 11  LanId: | (01/24 17:24:08 - 01/24 17:24:48) | Average limit (492) exceeded while pinging www.google.com [209.85.143.99] 9x

[1AAB] ComputerName:PHOENIX UserID:GO Tech Support Station 11  LanId: | (01/24 17:24:53 - 01/24 17:25:51) | Average limit (492) exceeded while pinging www.google.com [209.85.143.99] 5x

[1AAB] ComputerName:PHOENIX UserID:GO Tech Support Station 11  LanId: | (01/24 17:25:55) | Average limit (492) exceeded while pinging www.google.com [209.85.143.99]

[1AAB] ComputerName:PHOENIX UserID:GO Tech Support Station 11  LanId: | (01/24 17:29:49) | Client is disconnected from agent.
[1AAB] ComputerName:PHOENIX UserID:GO Tech Support Station 11  LanId: | (01/24 17:30:20) | Client is connected to agent.

[1B6F] ComputerName:PHOENIX UserID:GO Tech Support Station 11  LanId: | (01/24 18:36:35) | Client is disconnected from agent.
[1B6F] ComputerName:PHOENIX UserID:GO Tech Support Station 11  LanId: | (01/24 18:36:40) | Client is connected to agent.

[1AC5] ComputerName:PELHAMLAPTOP UserID:A0011 Laura Longard Station 8  LanId: | (01/24 12:27:05) | Client is disconnected from agent.
[1AC5] ComputerName:PELHAMLAPTOP UserID:A0011 Laura Longard Station 8  LanId: | (01/24 12:27:10) | Client is connected to agent.

[1F3A] ComputerName:PELHAMLAPTOP UserID:A0011 Laura Longard Station 8  LanId: | (01/24 14:41:57) | Client is disconnected from agent.

[1F3A] ComputerName:PELHAMLAPTOP UserID:A0011 Laura Longard Station 8B  LanId: | (01/24 14:42:02) | Client is connected to agent.

[20A4] ComputerName:BETHGARWICK UserID:A0006 Beth Garwick Station 9  LanId: | (01/24 14:48:17) | Client is disconnected from agent.
[20A4] ComputerName:BETHGARWICK UserID:A0006 Beth Garwick Station 9 (locked) LanId: | (01/24 14:48:27) | Client is connected to agent.

[21D3] ComputerName:PELHAMLAPTOP UserID:A0011 Laura Longard Station 8  LanId: | (01/24 14:53:32) | Client is disconnected from agent.
[21D3] ComputerName:PELHAMLAPTOP UserID:A0011 Laura Longard Station 8  LanId: | (01/24 14:53:37) | Client is connected to agent.

[2212] ComputerName:PELHAMLAPTOP UserID:A0011 Laura Longard Station 8  LanId: | (01/24 15:01:11) | Client is disconnected from agent.
[2212] ComputerName:PELHAMLAPTOP UserID:A0011 Laura Longard Station 8A (locked) LanId: | (01/24 15:01:21) | Client is connected to agent.

[1E58] ComputerName:APTOFFICE UserID:DP Dale Patterson Station 6  LanId: | (01/24 15:14:42) | Client is disconnected from agent.
[1E58] ComputerName:APTOFFICE UserID:DP Dale Patterson Station 6  LanId: | (01/24 15:15:44 - 01/24 15:15:55) | Average limit (300) exceeded while pinging www.google.com [74.125.157.104] 3 times
[1E58] ComputerName:APTOFFICE UserID:DP Dale Patterson Station 6  LanId: | (01/24 15:16:00 - 01/24 15:16:23) | Average limit (300) exceeded while pinging www.google.com [www.google.com] 4 times
[1E58] ComputerName:APTOFFICE UserID:DP Dale Patterson Station 6  LanId: | (01/24 15:16:31 - 01/24 15:17:27) | Drop count limit (5) exceeded while pinging www.google.com [www.google.com] 8 times
[1E58] ComputerName:APTOFFICE UserID:DP Dale Patterson Station 6  LanId: | (01/24 15:17:32) | Drop count limit (5) exceeded while pinging www.google.com [74.125.65.147]
[1E58] ComputerName:APTOFFICE UserID:DP Dale Patterson Station 6  LanId: | (01/24 15:17:34) | Client is connected to agent.
[1E58] ComputerName:APTOFFICE UserID:DP Dale Patterson Station 6 (locked) LanId: | (01/24 15:17:37 - 01/24 15:17:47) | Drop count limit (5) exceeded while pinging www.google.com [74.125.65.147] 3x

[21F6] ComputerName:BETHGARWICK UserID:A0006 Beth Garwick Station 9  LanId: | (01/24 15:25:24) | Client is disconnected from agent.
[21F6] ComputerName:BETHGARWICK UserID:A0006 Beth Garwick Station 9 (locked) LanId: | (01/24 15:25:34) | Client is connected to agent.

[22B0] ComputerName:BETHGARWICK UserID:A0006 Beth Garwick Station 9  LanId: | (01/24 16:00:04) | Client is disconnected from agent.
[22B0] ComputerName:BETHGARWICK UserID:A0006 Beth Garwick Station 9 (locked) LanId: | (01/24 16:00:09) | Client is connected to agent.

[23F2] ComputerName:APTTRUSSVILLE UserID:A0012 Kevin Thomason Station 7A  LanId: | (01/24 16:45:01) | Client is disconnected from agent.
[23F2] ComputerName:APTTRUSSVILLE UserID:A0012 Kevin Thomason Station 7A  LanId: | (01/24 16:45:06) | Client is connected to agent.

[228C] ComputerName:APTOFFICE UserID:DP Dale Patterson Station 6  LanId: | (01/24 16:45:06) | Drop count limit (5) exceeded while pinging www.google.com [www.google.com]
[228C] ComputerName:APTOFFICE UserID:DP Dale Patterson Station 6  LanId: | (01/24 16:45:36) | Client is disconnected from agent.
[228C] ComputerName:APTOFFICE UserID:DP Dale Patterson Station 6  LanId: | (01/24 16:45:41) | Client is connected to agent.

[2441] ComputerName:APTOFFICE UserID:DP Dale Patterson Station 6  LanId: | (01/24 16:56:36) | Client is disconnected from agent.
[2441] ComputerName:APTOFFICE UserID:DP Dale Patterson Station 6  LanId: | (01/24 16:56:40 - 01/24 16:56:52) | Drop count limit (5) exceeded while pinging www.google.com [www.google.com] 3 times
[2441] ComputerName:APTOFFICE UserID:DP Dale Patterson Station 6  LanId: | (01/24 16:56:56) | Client is connected to agent.
[2441] ComputerName:APTOFFICE UserID:DP Dale Patterson Station 6  LanId: | (01/24 16:56:57) | Drop count limit (5) exceeded while pinging www.google.com [74.125.65.104]

[19B2] ComputerName:COMPUTER1 UserID:A0012 Kevin Thomason Station 12  LanId: | (01/24 16:56:31) | Client is disconnected from agent.
[19B2] ComputerName:COMPUTER1 UserID:A0012 Kevin Thomason Station 12  LanId: | (01/24 16:56:40 - 01/24 16:56:46) | Drop count limit (5) exceeded while pinging www.google.com [www.google.com] 2 times
[19B2] ComputerName:COMPUTER1 UserID:A0012 Kevin Thomason Station 12 (locked) LanId: | (01/24 16:56:51) | Drop count limit (5) exceeded while pinging www.google.com [74.125.65.147]
[19B2] ComputerName:COMPUTER1 UserID:A0012 Kevin Thomason Station 12 (locked) LanId: | (01/24 16:56:51) | Client is connected to agent.
[19B2] ComputerName:COMPUTER1 UserID:A0012 Kevin Thomason Station 12 (locked) LanId: | (01/24 16:56:56 - 01/24 16:57:01) | Drop count limit (5) exceeded while pinging www.google.com [74.125.65.147] 2x

[243A] ComputerName:APTTRUSSVILLE UserID:A0012 Kevin Thomason Station 7  LanId: | (01/24 16:56:27) | Client is disconnected from agent.
[243A] ComputerName:APTTRUSSVILLE UserID:A0012 Kevin Thomason Station 7  LanId: | (01/24 16:56:40 - 01/24 16:56:46) | Drop count limit (5) exceeded while pinging www.google.com [www.google.com] 2 times
[243A] ComputerName:APTTRUSSVILLE UserID:A0012 Kevin Thomason Station 7  LanId: | (01/24 16:56:51 - 01/24 16:57:01) | Drop count limit (5) exceeded while pinging www.google.com [74.125.65.147] 3 times
[243A] ComputerName:APTTRUSSVILLE UserID:A0012 Kevin Thomason Station 7  LanId: | (01/24 16:57:03) | Client is connected to agent.

[2441] ComputerName:APTOFFICE UserID:DP Dale Patterson Station 6  LanId: | (01/24 16:57:02 - 01/24 16:57:12) | Drop count limit (5) exceeded while pinging www.google.com [74.125.65.104] 3x

[2364] ComputerName:BETHGARWICK UserID:A0006 Beth Garwick Station 9 (locked) LanId: | (01/24 17:11:49) | Client is disconnected from agent.
[2364] ComputerName:BETHGARWICK UserID:A0006 Beth Garwick Station 9 (locked) LanId: | (01/24 17:11:59) | Client is connected to agent.

[223B] ComputerName:PELHAMLAPTOP UserID:A0011 Laura Longard Station 8  LanId: | (01/24 17:23:43) | Client is disconnected from agent.
[223B] ComputerName:PELHAMLAPTOP UserID:A0011 Laura Longard Station 8B (locked) LanId: | (01/24 17:23:49) | Client is connected to agent.

[25F9] ComputerName:OWNER-BC8810E49 UserID:A0005 Kelley Zajac Station 1  LanId: | (01/24 19:23:06) | Client is disconnected from agent.
[25F9] ComputerName:OWNER-BC8810E49 UserID:A0005 Kelley Zajac Station 1 (locked) LanId: | (01/24 19:23:21) | Client is connected to agent.

[26F4] ComputerName:OWNER-BC8810E49 UserID:A0005 Kelley Zajac Station 1  LanId: | (01/24 20:20:18) | Client is disconnected from agent.
[26F4] ComputerName:OWNER-BC8810E49 UserID:A0005 Kelley Zajac Station 1 (locked) LanId: | (01/24 20:20:33) | Client is connected to agent.

